#
# There is insufficient memory for the Java Runtime Environment to continue.
# Native memory allocation (malloc) failed to allocate 362096 bytes for Chunk::new
# Possible reasons:
#   The system is out of physical RAM or swap space
#   The process is running with CompressedOops enabled, and the Java Heap may be blocking the growth of the native heap
# Possible solutions:
#   Reduce memory load on the system
#   Increase physical memory or swap space
#   Check if swap backing store is full
#   Decrease Java heap size (-Xmx/-Xms)
#   Decrease number of Java threads
#   Decrease Java thread stack sizes (-Xss)
#   Set larger code cache with -XX:ReservedCodeCacheSize=
#   JVM is running with Unscaled Compressed Oops mode in which the Java heap is
#     placed in the first 4GB address space. The Java Heap base address is the
#     maximum limit for the native heap growth. Please use -XX:HeapBaseMinAddress
#     to set the Java Heap base and to place the Java Heap above 4GB virtual address.
# This output file may be truncated or incomplete.
#
#  Out of Memory Error (arena.cpp:189), pid=14884, tid=23356
#
# JRE version: OpenJDK Runtime Environment Temurin-17.0.7+7 (17.0.7+7) (build 17.0.7+7)
# Java VM: OpenJDK 64-Bit Server VM Temurin-17.0.7+7 (17.0.7+7, mixed mode, tiered, compressed oops, compressed class ptrs, parallel gc, windows-amd64)
# No core dump will be written. Minidumps are not enabled by default on client versions of Windows
#

---------------  S U M M A R Y ------------

Command Line: --add-modules=ALL-SYSTEM --add-opens=java.base/java.util=ALL-UNNAMED --add-opens=java.base/java.lang=ALL-UNNAMED --add-opens=java.base/sun.nio.fs=ALL-UNNAMED -Declipse.application=org.eclipse.jdt.ls.core.id1 -Dosgi.bundles.defaultStartLevel=4 -Declipse.product=org.eclipse.jdt.ls.core.product -Djava.import.generatesMetadataFilesAtProjectRoot=false -Dfile.encoding=utf8 -XX:+UseParallelGC -XX:GCTimeRatio=4 -XX:AdaptiveSizePolicyWeight=90 -Dsun.zip.disableMemoryMapping=true -Xmx1G -Xms100m -Xlog:disable -javaagent:c:\Users\joonv\.vscode\extensions\redhat.java-1.18.0-win32-x64\lombok\lombok-1.18.27.jar c:\Users\joonv\.vscode\extensions\redhat.java-1.18.0-win32-x64\server\plugins\org.eclipse.equinox.launcher_1.6.400.v20210924-0641.jar -configuration c:\Users\joonv\AppData\Roaming\Code\User\globalStorage\redhat.java\1.18.0\config_ss_win -data c:\Users\joonv\AppData\Roaming\Code\User\workspaceStorage\a544dd14c94a274a9fa1a01330383e1a\redhat.java\ss_ws

Host: Intel(R) Core(TM) i7-1065G7 CPU @ 1.30GHz, 8 cores, 15G,  Windows 11 , 64 bit Build 22621 (10.0.22621.1635)
Time: Wed May 17 13:01:35 2023  Windows 11 , 64 bit Build 22621 (10.0.22621.1635) elapsed time: 1.327583 seconds (0d 0h 0m 1s)

---------------  T H R E A D  ---------------

Current thread (0x000001996f5c1240):  JavaThread "C2 CompilerThread0" daemon [_thread_in_native, id=23356, stack(0x0000006fc7600000,0x0000006fc7700000)]


Current CompileTask:
C2:   1327  655   !   4       java.util.jar.Attributes::read (498 bytes)

Stack: [0x0000006fc7600000,0x0000006fc7700000]
Native frames: (J=compiled Java code, j=interpreted, Vv=VM code, C=native code)
V  [jvm.dll+0x67754a]
V  [jvm.dll+0x834304]
V  [jvm.dll+0x835aae]
V  [jvm.dll+0x836113]
V  [jvm.dll+0x24696f]
V  [jvm.dll+0xac0ac]
V  [jvm.dll+0xac67c]
V  [jvm.dll+0x2adbef]
V  [jvm.dll+0x580067]
V  [jvm.dll+0x221e72]
V  [jvm.dll+0x22224f]
V  [jvm.dll+0x21b4a5]
V  [jvm.dll+0x21895b]
V  [jvm.dll+0x1a4d8d]
V  [jvm.dll+0x2284da]
V  [jvm.dll+0x226615]
V  [jvm.dll+0x7ea90b]
V  [jvm.dll+0x7e4e7a]
V  [jvm.dll+0x676395]
C  [ucrtbase.dll+0x29363]
C  [KERNEL32.DLL+0x126ad]
C  [ntdll.dll+0x5a9f8]


---------------  P R O C E S S  ---------------

Threads class SMR info:
_java_thread_list=0x000001996f8fe960, length=14, elements={
0x000001995643eb40, 0x00000199564fa990, 0x00000199564fc2f0, 0x000001996f5b8400,
0x000001996f5b8dc0, 0x000001996f5b9970, 0x000001996f5be550, 0x000001996f5c1240,
0x000001996f62f100, 0x000001996f633ec0, 0x000001996f6c48b0, 0x000001996f83cca0,
0x00000199704e5ad0, 0x00000199704e6780
}

Java Threads: ( => current thread )
  0x000001995643eb40 JavaThread "main" [_thread_in_vm, id=21112, stack(0x0000006fc6d00000,0x0000006fc6e00000)]
  0x00000199564fa990 JavaThread "Reference Handler" daemon [_thread_blocked, id=6448, stack(0x0000006fc7000000,0x0000006fc7100000)]
  0x00000199564fc2f0 JavaThread "Finalizer" daemon [_thread_blocked, id=2292, stack(0x0000006fc7100000,0x0000006fc7200000)]
  0x000001996f5b8400 JavaThread "Signal Dispatcher" daemon [_thread_blocked, id=3632, stack(0x0000006fc7200000,0x0000006fc7300000)]
  0x000001996f5b8dc0 JavaThread "Attach Listener" daemon [_thread_blocked, id=25896, stack(0x0000006fc7300000,0x0000006fc7400000)]
  0x000001996f5b9970 JavaThread "Service Thread" daemon [_thread_blocked, id=13880, stack(0x0000006fc7400000,0x0000006fc7500000)]
  0x000001996f5be550 JavaThread "Monitor Deflation Thread" daemon [_thread_blocked, id=22896, stack(0x0000006fc7500000,0x0000006fc7600000)]
=>0x000001996f5c1240 JavaThread "C2 CompilerThread0" daemon [_thread_in_native, id=23356, stack(0x0000006fc7600000,0x0000006fc7700000)]
  0x000001996f62f100 JavaThread "C1 CompilerThread0" daemon [_thread_blocked, id=10616, stack(0x0000006fc7700000,0x0000006fc7800000)]
  0x000001996f633ec0 JavaThread "Sweeper thread" daemon [_thread_blocked, id=19284, stack(0x0000006fc7800000,0x0000006fc7900000)]
  0x000001996f6c48b0 JavaThread "Common-Cleaner" daemon [_thread_blocked, id=18324, stack(0x0000006fc7900000,0x0000006fc7a00000)]
  0x000001996f83cca0 JavaThread "Notification Thread" daemon [_thread_blocked, id=2672, stack(0x0000006fc7a00000,0x0000006fc7b00000)]
  0x00000199704e5ad0 JavaThread "C2 CompilerThread1" daemon [_thread_blocked, id=21944, stack(0x0000006fc7c00000,0x0000006fc7d00000)]
  0x00000199704e6780 JavaThread "C2 CompilerThread2" daemon [_thread_blocked, id=9908, stack(0x0000006fc7d00000,0x0000006fc7e00000)]

Other Threads:
  0x000001996a2afca0 VMThread "VM Thread" [stack: 0x0000006fc6f00000,0x0000006fc7000000] [id=14416]
  0x000001996f83d170 WatcherThread [stack: 0x0000006fc7b00000,0x0000006fc7c00000] [id=19120]
  0x0000019956453c30 GCTaskThread "GC Thread#0" [stack: 0x0000006fc6e00000,0x0000006fc6f00000] [id=19728]

Threads with active compile tasks:
C2 CompilerThread0     1380  655   !   4       java.util.jar.Attributes::read (498 bytes)

VM state: not at safepoint (normal execution)

VM Mutex/Monitor currently owned by a thread:  ([mutex/lock_event])
[0x0000019956439500] Metaspace_lock - owner thread: 0x000001995643eb40

Heap address: 0x00000000c0000000, size: 1024 MB, Compressed Oops mode: 32-bit

CDS archive(s) not mapped
Compressed class space mapped at: 0x0000000100000000-0x0000000140000000, reserved size: 1073741824
Narrow klass base: 0x0000000000000000, Narrow klass shift: 3, Narrow klass range: 0x140000000

GC Precious Log:
 CPUs: 8 total, 8 available
 Memory: 16145M
 Large Page Support: Disabled
 NUMA Support: Disabled
 Compressed Oops: Enabled (32-bit)
 Alignments: Space 512K, Generation 512K, Heap 2M
 Heap Min Capacity: 100M
 Heap Initial Capacity: 100M
 Heap Max Capacity: 1G
 Pre-touch: Disabled
 Parallel Workers: 8

Heap:
 PSYoungGen      total 29696K, used 17170K [0x00000000eab00000, 0x00000000ecc00000, 0x0000000100000000)
  eden space 25600K, 67% used [0x00000000eab00000,0x00000000ebbc4908,0x00000000ec400000)
  from space 4096K, 0% used [0x00000000ec800000,0x00000000ec800000,0x00000000ecc00000)
  to   space 4096K, 0% used [0x00000000ec400000,0x00000000ec400000,0x00000000ec800000)
 ParOldGen       total 68608K, used 0K [0x00000000c0000000, 0x00000000c4300000, 0x00000000eab00000)
  object space 68608K, 0% used [0x00000000c0000000,0x00000000c0000000,0x00000000c4300000)
 Metaspace       used 9461K, committed 9536K, reserved 1114112K
  class space    used 937K, committed 960K, reserved 1048576K

Card table byte_map: [0x0000019955df0000,0x0000019956000000] _byte_map_base: 0x00000199557f0000

Marking Bits: (ParMarkBitMap*) 0x00007ffc82ee52c0
 Begin Bits: [0x00000199680c0000, 0x00000199690c0000)
 End Bits:   [0x00000199690c0000, 0x000001996a0c0000)

Polling page: 0x0000019954430000

Metaspace:

Usage:
  Non-class:      8.32 MB used.
      Class:    937.05 KB used.
       Both:      9.24 MB used.

Virtual space:
  Non-class space:       64.00 MB reserved,       8.38 MB ( 13%) committed,  1 nodes.
      Class space:        1.00 GB reserved,     960.00 KB ( <1%) committed,  1 nodes.
             Both:        1.06 GB reserved,       9.31 MB ( <1%) committed. 

Chunk freelists:
   Non-Class:  6.80 MB
       Class:  15.08 MB
        Both:  21.88 MB

MaxMetaspaceSize: unlimited
CompressedClassSpaceSize: 1.00 GB
Initial GC threshold: 21.00 MB
Current GC threshold: 21.00 MB
CDS: off
MetaspaceReclaimPolicy: balanced
 - commit_granule_bytes: 65536.
 - commit_granule_words: 8192.
 - virtual_space_node_default_size: 8388608.
 - enlarge_chunks_in_place: 1.
 - new_chunks_are_fully_committed: 0.
 - uncommit_free_chunks: 1.
 - use_allocation_guard: 0.
 - handle_deallocations: 1.


Internal statistics:

num_allocs_failed_limit: 0.
num_arena_births: 16.
num_arena_deaths: 0.
num_vsnodes_births: 2.
num_vsnodes_deaths: 0.
num_space_committed: 149.
num_space_uncommitted: 0.
num_chunks_returned_to_freelist: 0.
num_chunks_taken_from_freelist: 58.
num_chunk_merges: 0.
num_chunk_splits: 34.
num_chunks_enlarged: 27.
num_inconsistent_stats: 0.

CodeHeap 'non-profiled nmethods': size=120000Kb used=287Kb max_used=287Kb free=119712Kb
 bounds [0x0000019960b90000, 0x0000019960e00000, 0x00000199680c0000]
CodeHeap 'profiled nmethods': size=120000Kb used=1193Kb max_used=1193Kb free=118806Kb
 bounds [0x00000199590c0000, 0x0000019959330000, 0x00000199605f0000]
CodeHeap 'non-nmethods': size=5760Kb used=1150Kb max_used=1181Kb free=4609Kb
 bounds [0x00000199605f0000, 0x0000019960860000, 0x0000019960b90000]
 total_blobs=1159 nmethods=730 adapters=344
 compilation: enabled
              stopped_count=0, restarted_count=0
 full_count=0

Compilation events (20 events):
Event: 1.310 Thread 0x000001996f62f100  711       3       jdk.internal.reflect.ByteVectorImpl::add (38 bytes)
Event: 1.310 Thread 0x000001996f62f100 nmethod 711 0x00000199591dc890 code [0x00000199591dca40, 0x00000199591dcc08]
Event: 1.313 Thread 0x000001996f62f100  712  s    3       java.util.Hashtable::put (104 bytes)
Event: 1.314 Thread 0x000001996f62f100 nmethod 712 0x00000199591dcd10 code [0x00000199591dcf20, 0x00000199591dd5d8]
Event: 1.314 Thread 0x000001996f62f100  713       3       java.util.Hashtable::addEntry (87 bytes)
Event: 1.314 Thread 0x000001996f62f100 nmethod 713 0x00000199591dd810 code [0x00000199591dd9e0, 0x00000199591ddff8]
Event: 1.314 Thread 0x000001996f62f100  714       3       java.util.Hashtable$Entry::<init> (26 bytes)
Event: 1.314 Thread 0x000001996f62f100 nmethod 714 0x00000199591de290 code [0x00000199591de420, 0x00000199591de5d8]
Event: 1.314 Thread 0x000001996f62f100  715       3       sun.security.util.SignatureFileVerifier::updateSigners (132 bytes)
Event: 1.315 Thread 0x000001996f62f100 nmethod 715 0x00000199591de690 code [0x00000199591de940, 0x00000199591df898]
Event: 1.315 Thread 0x000001996f62f100  716       3       sun.security.util.SignatureFileVerifier::matches (93 bytes)
Event: 1.316 Thread 0x00000199704e6780 nmethod 656 0x0000019960bd2510 code [0x0000019960bd2740, 0x0000019960bd3a50]
Event: 1.316 Thread 0x00000199704e6780  696       4       sun.security.provider.SHA5::lf_delta1 (21 bytes)
Event: 1.316 Thread 0x00000199704e6780 nmethod 696 0x0000019960bd4290 code [0x0000019960bd4400, 0x0000019960bd4478]
Event: 1.316 Thread 0x00000199704e6780  697       4       sun.security.provider.SHA5::lf_delta0 (20 bytes)
Event: 1.316 Thread 0x000001996f62f100 nmethod 716 0x00000199591dff10 code [0x00000199591e0140, 0x00000199591e09f8]
Event: 1.316 Thread 0x000001996f62f100  717       3       jdk.internal.reflect.ClassFileAssembler::emitShort (24 bytes)
Event: 1.316 Thread 0x00000199704e6780 nmethod 697 0x0000019960bd4590 code [0x0000019960bd4700, 0x0000019960bd4778]
Event: 1.316 Thread 0x00000199704e6780  702       4       jdk.internal.misc.Unsafe::getLongUnaligned (12 bytes)
Event: 1.317 Thread 0x000001996f62f100 nmethod 717 0x00000199591e0d10 code [0x00000199591e0ee0, 0x00000199591e11d8]

GC Heap History (0 events):
No events

Dll operation events (8 events):
Event: 0.069 Loaded shared library c:\Users\joonv\.vscode\extensions\redhat.java-1.18.0-win32-x64\jre\17.0.7-win32-x86_64\bin\java.dll
Event: 0.381 Loaded shared library c:\Users\joonv\.vscode\extensions\redhat.java-1.18.0-win32-x64\jre\17.0.7-win32-x86_64\bin\zip.dll
Event: 0.393 Loaded shared library C:\Users\joonv\.vscode\extensions\redhat.java-1.18.0-win32-x64\jre\17.0.7-win32-x86_64\bin\instrument.dll
Event: 0.418 Loaded shared library C:\Users\joonv\.vscode\extensions\redhat.java-1.18.0-win32-x64\jre\17.0.7-win32-x86_64\bin\net.dll
Event: 0.454 Loaded shared library C:\Users\joonv\.vscode\extensions\redhat.java-1.18.0-win32-x64\jre\17.0.7-win32-x86_64\bin\nio.dll
Event: 0.469 Loaded shared library C:\Users\joonv\.vscode\extensions\redhat.java-1.18.0-win32-x64\jre\17.0.7-win32-x86_64\bin\zip.dll
Event: 0.493 Loaded shared library C:\Users\joonv\.vscode\extensions\redhat.java-1.18.0-win32-x64\jre\17.0.7-win32-x86_64\bin\jimage.dll
Event: 0.602 Loaded shared library c:\Users\joonv\.vscode\extensions\redhat.java-1.18.0-win32-x64\jre\17.0.7-win32-x86_64\bin\verify.dll

Deoptimization events (20 events):
Event: 1.162 Thread 0x000001995643eb40 Uncommon trap: trap_request=0xffffff45 fr.pc=0x0000019960bb1a5c relative=0x000000000000049c
Event: 1.162 Thread 0x000001995643eb40 Uncommon trap: reason=unstable_if action=reinterpret pc=0x0000019960bb1a5c method=java.lang.AbstractStringBuilder.putStringAt(ILjava/lang/String;II)V @ 8 c2
Event: 1.162 Thread 0x000001995643eb40 DEOPT PACKING pc=0x0000019960bb1a5c sp=0x0000006fc6dfe690
Event: 1.163 Thread 0x000001995643eb40 DEOPT UNPACKING pc=0x0000019960649ea3 sp=0x0000006fc6dfe518 mode 2
Event: 1.163 Thread 0x000001995643eb40 Uncommon trap: trap_request=0xffffff45 fr.pc=0x0000019960bb26f4 relative=0x0000000000000154
Event: 1.163 Thread 0x000001995643eb40 Uncommon trap: reason=unstable_if action=reinterpret pc=0x0000019960bb26f4 method=java.lang.AbstractStringBuilder.putStringAt(ILjava/lang/String;II)V @ 8 c2
Event: 1.163 Thread 0x000001995643eb40 DEOPT PACKING pc=0x0000019960bb26f4 sp=0x0000006fc6dfe5c0
Event: 1.163 Thread 0x000001995643eb40 DEOPT UNPACKING pc=0x0000019960649ea3 sp=0x0000006fc6dfe4f0 mode 2
Event: 1.166 Thread 0x000001995643eb40 Uncommon trap: trap_request=0xffffff45 fr.pc=0x0000019960bc1674 relative=0x0000000000000074
Event: 1.166 Thread 0x000001995643eb40 Uncommon trap: reason=unstable_if action=reinterpret pc=0x0000019960bc1674 method=jdk.internal.misc.Unsafe.convEndian(ZI)I @ 4 c2
Event: 1.166 Thread 0x000001995643eb40 DEOPT PACKING pc=0x0000019960bc1674 sp=0x0000006fc6dfdc90
Event: 1.166 Thread 0x000001995643eb40 DEOPT UNPACKING pc=0x0000019960649ea3 sp=0x0000006fc6dfdbc0 mode 2
Event: 1.228 Thread 0x000001995643eb40 DEOPT PACKING pc=0x0000019959181d32 sp=0x0000006fc6dfe370
Event: 1.228 Thread 0x000001995643eb40 DEOPT UNPACKING pc=0x000001996064a9e3 sp=0x0000006fc6dfd7c8 mode 0
Event: 1.269 Thread 0x000001995643eb40 DEOPT PACKING pc=0x000001995916bfc4 sp=0x0000006fc6dfeb70
Event: 1.269 Thread 0x000001995643eb40 DEOPT UNPACKING pc=0x000001996064a9e3 sp=0x0000006fc6dfe010 mode 0
Event: 1.304 Thread 0x000001995643eb40 Uncommon trap: trap_request=0xffffff45 fr.pc=0x0000019960bcf9a0 relative=0x0000000000000100
Event: 1.304 Thread 0x000001995643eb40 Uncommon trap: reason=unstable_if action=reinterpret pc=0x0000019960bcf9a0 method=java.math.BigInteger.addOne([IIII)I @ 55 c2
Event: 1.304 Thread 0x000001995643eb40 DEOPT PACKING pc=0x0000019960bcf9a0 sp=0x0000006fc6dfe480
Event: 1.305 Thread 0x000001995643eb40 DEOPT UNPACKING pc=0x0000019960649ea3 sp=0x0000006fc6dfe420 mode 2

Classes unloaded (0 events):
No events

Classes redefined (0 events):
No events

Internal exceptions (8 events):
Event: 0.348 Thread 0x000001995643eb40 Exception <a 'java/lang/NoSuchMethodError'{0x00000000eac51a68}: 'void java.lang.invoke.DirectMethodHandle$Holder.invokeStatic(java.lang.Object, java.lang.Object, java.lang.Object)'> (0x00000000eac51a68) 
thrown [s\src\hotspot\share\interpreter\linkResolver.cpp, line 759]
Event: 0.651 Thread 0x000001995643eb40 Exception <a 'java/lang/reflect/InvocationTargetException'{0x00000000eafb6cc8}> (0x00000000eafb6cc8) 
thrown [s\src\hotspot\share\runtime\reflection.cpp, line 1121]
Event: 1.156 Thread 0x000001995643eb40 Exception <a 'java/lang/ClassNotFoundException'{0x00000000eb7ab578}: sun/net/www/protocol/c/Handler> (0x00000000eb7ab578) 
thrown [s\src\hotspot\share\classfile\systemDictionary.cpp, line 256]
Event: 1.163 Thread 0x000001995643eb40 Exception <a 'java/io/FileNotFoundException'{0x00000000eb7be7a8}> (0x00000000eb7be7a8) 
thrown [s\src\hotspot\share\prims\jni.cpp, line 516]
Event: 1.163 Thread 0x000001995643eb40 Exception <a 'java/io/FileNotFoundException'{0x00000000eb7bf810}> (0x00000000eb7bf810) 
thrown [s\src\hotspot\share\prims\jni.cpp, line 516]
Event: 1.164 Thread 0x000001995643eb40 Exception <a 'java/io/FileNotFoundException'{0x00000000eb7c0870}> (0x00000000eb7c0870) 
thrown [s\src\hotspot\share\prims\jni.cpp, line 516]
Event: 1.165 Thread 0x000001995643eb40 Exception <a 'java/io/FileNotFoundException'{0x00000000eb7c18a0}> (0x00000000eb7c18a0) 
thrown [s\src\hotspot\share\prims\jni.cpp, line 516]
Event: 1.173 Thread 0x000001995643eb40 Exception <a 'java/io/FileNotFoundException'{0x00000000eb7faa30}> (0x00000000eb7faa30) 
thrown [s\src\hotspot\share\prims\jni.cpp, line 516]

VM Operations (8 events):
Event: 0.359 Executing VM operation: HandshakeAllThreads
Event: 0.359 Executing VM operation: HandshakeAllThreads done
Event: 0.512 Executing VM operation: HandshakeAllThreads
Event: 0.512 Executing VM operation: HandshakeAllThreads done
Event: 1.090 Executing VM operation: HandshakeAllThreads
Event: 1.090 Executing VM operation: HandshakeAllThreads done
Event: 1.120 Executing VM operation: HandshakeAllThreads
Event: 1.120 Executing VM operation: HandshakeAllThreads done

Events (20 events):
Event: 1.309 loading class jdk/internal/reflect/ByteVectorImpl
Event: 1.309 loading class jdk/internal/reflect/ByteVector
Event: 1.309 loading class jdk/internal/reflect/ByteVector done
Event: 1.309 loading class jdk/internal/reflect/ByteVectorImpl done
Event: 1.309 loading class jdk/internal/reflect/ClassFileAssembler
Event: 1.309 loading class jdk/internal/reflect/ClassFileAssembler done
Event: 1.309 loading class jdk/internal/reflect/UTF8
Event: 1.309 loading class jdk/internal/reflect/UTF8 done
Event: 1.310 loading class jdk/internal/reflect/Label
Event: 1.310 loading class jdk/internal/reflect/Label done
Event: 1.310 loading class jdk/internal/reflect/Label$PatchInfo
Event: 1.310 loading class jdk/internal/reflect/Label$PatchInfo done
Event: 1.310 loading class jdk/internal/reflect/MethodAccessorGenerator$1
Event: 1.311 loading class jdk/internal/reflect/MethodAccessorGenerator$1 done
Event: 1.311 loading class jdk/internal/reflect/ClassDefiner
Event: 1.311 loading class jdk/internal/reflect/ClassDefiner done
Event: 1.311 loading class jdk/internal/reflect/ClassDefiner$1
Event: 1.311 loading class jdk/internal/reflect/ClassDefiner$1 done
Event: 1.311 loading class jdk/internal/reflect/BootstrapConstructorAccessorImpl
Event: 1.311 loading class jdk/internal/reflect/BootstrapConstructorAccessorImpl done


Dynamic libraries:
0x00007ff6a76a0000 - 0x00007ff6a76ae000 	c:\Users\joonv\.vscode\extensions\redhat.java-1.18.0-win32-x64\jre\17.0.7-win32-x86_64\bin\java.exe
0x00007ffd21cd0000 - 0x00007ffd21ee4000 	C:\WINDOWS\SYSTEM32\ntdll.dll
0x00007ffd206f0000 - 0x00007ffd207b2000 	C:\WINDOWS\System32\KERNEL32.DLL
0x00007ffd1f0f0000 - 0x00007ffd1f493000 	C:\WINDOWS\System32\KERNELBASE.dll
0x00007ffd1f560000 - 0x00007ffd1f671000 	C:\WINDOWS\System32\ucrtbase.dll
0x00007ffccc9b0000 - 0x00007ffccc9c7000 	c:\Users\joonv\.vscode\extensions\redhat.java-1.18.0-win32-x64\jre\17.0.7-win32-x86_64\bin\jli.dll
0x00007ffd20020000 - 0x00007ffd201cb000 	C:\WINDOWS\System32\USER32.dll
0x00007ffd1f810000 - 0x00007ffd1f836000 	C:\WINDOWS\System32\win32u.dll
0x00007ffcc8c20000 - 0x00007ffcc8c39000 	c:\Users\joonv\.vscode\extensions\redhat.java-1.18.0-win32-x64\jre\17.0.7-win32-x86_64\bin\VCRUNTIME140.dll
0x00007ffd20b10000 - 0x00007ffd20b39000 	C:\WINDOWS\System32\GDI32.dll
0x00007ffd1f9b0000 - 0x00007ffd1fac8000 	C:\WINDOWS\System32\gdi32full.dll
0x00007ffd1f770000 - 0x00007ffd1f80a000 	C:\WINDOWS\System32\msvcp_win.dll
0x00007ffd03760000 - 0x00007ffd039ee000 	C:\WINDOWS\WinSxS\amd64_microsoft.windows.common-controls_6595b64144ccf1df_6.0.22621.1635_none_270f70857386168e\COMCTL32.dll
0x00007ffd20c40000 - 0x00007ffd20ce7000 	C:\WINDOWS\System32\msvcrt.dll
0x00007ffd20ad0000 - 0x00007ffd20b01000 	C:\WINDOWS\System32\IMM32.DLL
0x00007ffd07d80000 - 0x00007ffd07d8c000 	c:\Users\joonv\.vscode\extensions\redhat.java-1.18.0-win32-x64\jre\17.0.7-win32-x86_64\bin\vcruntime140_1.dll
0x00007ffcb7100000 - 0x00007ffcb7191000 	c:\Users\joonv\.vscode\extensions\redhat.java-1.18.0-win32-x64\jre\17.0.7-win32-x86_64\bin\msvcp140.dll
0x00007ffc82360000 - 0x00007ffc82fa8000 	c:\Users\joonv\.vscode\extensions\redhat.java-1.18.0-win32-x64\jre\17.0.7-win32-x86_64\bin\server\jvm.dll
0x00007ffd21080000 - 0x00007ffd2112e000 	C:\WINDOWS\System32\ADVAPI32.dll
0x00007ffd20f70000 - 0x00007ffd21014000 	C:\WINDOWS\System32\sechost.dll
0x00007ffd21140000 - 0x00007ffd21257000 	C:\WINDOWS\System32\RPCRT4.dll
0x00007ffd180f0000 - 0x00007ffd18124000 	C:\WINDOWS\SYSTEM32\WINMM.dll
0x00007ffd17820000 - 0x00007ffd1782a000 	C:\WINDOWS\SYSTEM32\VERSION.dll
0x00007ffd0d0e0000 - 0x00007ffd0d0e9000 	C:\WINDOWS\SYSTEM32\WSOCK32.dll
0x00007ffd20670000 - 0x00007ffd206e1000 	C:\WINDOWS\System32\WS2_32.dll
0x00007ffd1e230000 - 0x00007ffd1e248000 	C:\WINDOWS\SYSTEM32\kernel.appcore.dll
0x00007ffd059e0000 - 0x00007ffd059ea000 	c:\Users\joonv\.vscode\extensions\redhat.java-1.18.0-win32-x64\jre\17.0.7-win32-x86_64\bin\jimage.dll
0x00007ffd1cb40000 - 0x00007ffd1cd6e000 	C:\WINDOWS\SYSTEM32\DBGHELP.DLL
0x00007ffd202e0000 - 0x00007ffd20669000 	C:\WINDOWS\System32\combase.dll
0x00007ffd201d0000 - 0x00007ffd202a7000 	C:\WINDOWS\System32\OLEAUT32.dll
0x00007ffd15ad0000 - 0x00007ffd15b02000 	C:\WINDOWS\SYSTEM32\dbgcore.DLL
0x00007ffd1f680000 - 0x00007ffd1f6fb000 	C:\WINDOWS\System32\bcryptPrimitives.dll
0x00007ffd190e0000 - 0x00007ffd190ee000 	c:\Users\joonv\.vscode\extensions\redhat.java-1.18.0-win32-x64\jre\17.0.7-win32-x86_64\bin\instrument.dll
0x00007ffcc8bf0000 - 0x00007ffcc8c15000 	c:\Users\joonv\.vscode\extensions\redhat.java-1.18.0-win32-x64\jre\17.0.7-win32-x86_64\bin\java.dll
0x00007ffcc6ec0000 - 0x00007ffcc6ed8000 	c:\Users\joonv\.vscode\extensions\redhat.java-1.18.0-win32-x64\jre\17.0.7-win32-x86_64\bin\zip.dll
0x00007ffd212f0000 - 0x00007ffd21aea000 	C:\WINDOWS\System32\SHELL32.dll
0x00007ffd1d0c0000 - 0x00007ffd1d98e000 	C:\WINDOWS\SYSTEM32\windows.storage.dll
0x00007ffd1cf80000 - 0x00007ffd1d0be000 	C:\WINDOWS\SYSTEM32\wintypes.dll
0x00007ffd20b40000 - 0x00007ffd20c31000 	C:\WINDOWS\System32\SHCORE.dll
0x00007ffd20980000 - 0x00007ffd209de000 	C:\WINDOWS\System32\shlwapi.dll
0x00007ffd1f020000 - 0x00007ffd1f041000 	C:\WINDOWS\SYSTEM32\profapi.dll
0x00007ffcc6ea0000 - 0x00007ffcc6eb9000 	C:\Users\joonv\.vscode\extensions\redhat.java-1.18.0-win32-x64\jre\17.0.7-win32-x86_64\bin\net.dll
0x00007ffd19920000 - 0x00007ffd19a57000 	C:\WINDOWS\SYSTEM32\WINHTTP.dll
0x00007ffd1e6a0000 - 0x00007ffd1e709000 	C:\WINDOWS\system32\mswsock.dll
0x00007ffcc6e80000 - 0x00007ffcc6e95000 	C:\Users\joonv\.vscode\extensions\redhat.java-1.18.0-win32-x64\jre\17.0.7-win32-x86_64\bin\nio.dll
0x00007ffd190d0000 - 0x00007ffd190e0000 	c:\Users\joonv\.vscode\extensions\redhat.java-1.18.0-win32-x64\jre\17.0.7-win32-x86_64\bin\verify.dll

dbghelp: loaded successfully - version: 4.0.5 - missing functions: none
symbol engine: initialized successfully - sym options: 0x614 - pdb path: .;c:\Users\joonv\.vscode\extensions\redhat.java-1.18.0-win32-x64\jre\17.0.7-win32-x86_64\bin;C:\WINDOWS\SYSTEM32;C:\WINDOWS\WinSxS\amd64_microsoft.windows.common-controls_6595b64144ccf1df_6.0.22621.1635_none_270f70857386168e;c:\Users\joonv\.vscode\extensions\redhat.java-1.18.0-win32-x64\jre\17.0.7-win32-x86_64\bin\server

VM Arguments:
jvm_args: --add-modules=ALL-SYSTEM --add-opens=java.base/java.util=ALL-UNNAMED --add-opens=java.base/java.lang=ALL-UNNAMED --add-opens=java.base/sun.nio.fs=ALL-UNNAMED -Declipse.application=org.eclipse.jdt.ls.core.id1 -Dosgi.bundles.defaultStartLevel=4 -Declipse.product=org.eclipse.jdt.ls.core.product -Djava.import.generatesMetadataFilesAtProjectRoot=false -Dfile.encoding=utf8 -XX:+UseParallelGC -XX:GCTimeRatio=4 -XX:AdaptiveSizePolicyWeight=90 -Dsun.zip.disableMemoryMapping=true -Xmx1G -Xms100m -Xlog:disable -javaagent:c:\Users\joonv\.vscode\extensions\redhat.java-1.18.0-win32-x64\lombok\lombok-1.18.27.jar 
java_command: c:\Users\joonv\.vscode\extensions\redhat.java-1.18.0-win32-x64\server\plugins\org.eclipse.equinox.launcher_1.6.400.v20210924-0641.jar -configuration c:\Users\joonv\AppData\Roaming\Code\User\globalStorage\redhat.java\1.18.0\config_ss_win -data c:\Users\joonv\AppData\Roaming\Code\User\workspaceStorage\a544dd14c94a274a9fa1a01330383e1a\redhat.java\ss_ws
java_class_path (initial): c:\Users\joonv\.vscode\extensions\redhat.java-1.18.0-win32-x64\server\plugins\org.eclipse.equinox.launcher_1.6.400.v20210924-0641.jar
Launcher Type: SUN_STANDARD

[Global flags]
    uintx AdaptiveSizePolicyWeight                 = 90                                        {product} {command line}
     intx CICompilerCount                          = 4                                         {product} {ergonomic}
    uintx GCTimeRatio                              = 4                                         {product} {command line}
   size_t InitialHeapSize                          = 104857600                                 {product} {command line}
   size_t MaxHeapSize                              = 1073741824                                {product} {command line}
   size_t MaxNewSize                               = 357564416                                 {product} {ergonomic}
   size_t MinHeapDeltaBytes                        = 524288                                    {product} {ergonomic}
   size_t MinHeapSize                              = 104857600                                 {product} {command line}
   size_t NewSize                                  = 34603008                                  {product} {ergonomic}
    uintx NonNMethodCodeHeapSize                   = 5839372                                {pd product} {ergonomic}
    uintx NonProfiledCodeHeapSize                  = 122909434                              {pd product} {ergonomic}
   size_t OldSize                                  = 70254592                                  {product} {ergonomic}
    uintx ProfiledCodeHeapSize                     = 122909434                              {pd product} {ergonomic}
    uintx ReservedCodeCacheSize                    = 251658240                              {pd product} {ergonomic}
     bool SegmentedCodeCache                       = true                                      {product} {ergonomic}
   size_t SoftMaxHeapSize                          = 1073741824                             {manageable} {ergonomic}
     bool UseCompressedClassPointers               = true                           {product lp64_product} {ergonomic}
     bool UseCompressedOops                        = true                           {product lp64_product} {ergonomic}
     bool UseLargePagesIndividualAllocation        = false                                  {pd product} {ergonomic}
     bool UseParallelGC                            = true                                      {product} {command line}

Logging:
Log output configuration:
 #0: stdout all=off uptime,level,tags
 #1: stderr all=off uptime,level,tags

Environment Variables:
JAVA_HOME=C:\ProgramFiles\Java\jdk-19
PATH=C:\Program Files (x86)\Common Files\Oracle\Java\javapath;C:\oraclexe\app\oracle\product\11.2.0\server\bin;C:\Program Files (x86)\VMware\VMware Player\bin\;C:\windows\system32;C:\windows;C:\windows\System32\Wbem;C:\windows\System32\WindowsPowerShell\v1.0\;C:\windows\System32\OpenSSH\;C:\Program Files (x86)\NVIDIA Corporation\PhysX\Common;C:\Program Files\NVIDIA Corporation\NVIDIA NvDLISR;C:\Program Files\Intel\WiFi\bin\;C:\Program Files\Common Files\Intel\WirelessCommon\;C:\WINDOWS\system32;C:\WINDOWS;C:\WINDOWS\System32\Wbem;C:\WINDOWS\System32\WindowsPowerShell\v1.0\;C:\WINDOWS\System32\OpenSSH\;C:\Program Files\Bandizip\;C:\Program Files\Java\jdk1.8.0_202\bin;C:\Program Files\Java\jre1.8.0_202;C:\Program Files\nodejs\;C:\Program Files\VisualSVN Server\bin;C:\Program Files\PowerShell\7\;C:\Program Files\PowerShell\7-preview\preview;C:\Program Files\Git\cmd;C:\Users\joonv\AppData\Local\Programs\Python\Python310\Scripts\;C:\Users\joonv\AppData\Local\Programs\Python\Python310\;C:\Users\joonv\AppData\Local\Microsoft\WindowsApps;C:\Users\joonv\AppData\Local\Programs\Microsoft VS Code\bin;C:\Program Files\JetBrains\IntelliJ IDEA 2022.1\bin;;C:\Users\joonv\AppData\Roaming\npm;C:\Program Files\JetBrains\IntelliJ IDEA Community Edition 2022.3.1\bin;;C:\ProgramFiles\Java\jdk-19\bin;c:\upload\lower;
USERNAME=joon
OS=Windows_NT
PROCESSOR_IDENTIFIER=Intel64 Family 6 Model 126 Stepping 5, GenuineIntel
TMP=C:\Users\joonv\AppData\Local\Temp
TEMP=C:\Users\joonv\AppData\Local\Temp



---------------  S Y S T E M  ---------------

OS:
 Windows 11 , 64 bit Build 22621 (10.0.22621.1635)
OS uptime: 5 days 3:56 hours
Hyper-V role detected

CPU: total 8 (initial active 8) (4 cores per cpu, 2 threads per core) family 6 model 126 stepping 5 microcode 0xa0, cx8, cmov, fxsr, ht, mmx, 3dnowpref, sse, sse2, sse3, ssse3, sse4.1, sse4.2, popcnt, lzcnt, tsc, tscinvbit, avx, avx2, aes, erms, clmul, bmi1, bmi2, adx, avx512f, avx512dq, avx512cd, avx512bw, avx512vl, sha, fma, vzeroupper, avx512_vpopcntdq, avx512_vpclmulqdq, avx512_vaes, avx512_vnni, clflush, clflushopt, avx512_vbmi2, avx512_vbmi, hv

Memory: 4k page, system-wide physical 16145M (5316M free)
TotalPageFile size 18060M (AvailPageFile size 8M)
current process WorkingSet (physical memory assigned to process): 64M, peak: 64M
current process commit charge ("private bytes"): 199M, peak: 199M

vm_info: OpenJDK 64-Bit Server VM (17.0.7+7) for windows-amd64 JRE (17.0.7+7), built on Apr 18 2023 22:10:42 by "temurin" with MS VC++ 16.7 (VS2019)

END.
