#
# There is insufficient memory for the Java Runtime Environment to continue.
# Native memory allocation (mmap) failed to map 291504128 bytes for G1 virtual space
# Possible reasons:
#   The system is out of physical RAM or swap space
#   The process is running with CompressedOops enabled, and the Java Heap may be blocking the growth of the native heap
# Possible solutions:
#   Reduce memory load on the system
#   Increase physical memory or swap space
#   Check if swap backing store is full
#   Decrease Java heap size (-Xmx/-Xms)
#   Decrease number of Java threads
#   Decrease Java thread stack sizes (-Xss)
#   Set larger code cache with -XX:ReservedCodeCacheSize=
#   JVM is running with Unscaled Compressed Oops mode in which the Java heap is
#     placed in the first 4GB address space. The Java Heap base address is the
#     maximum limit for the native heap growth. Please use -XX:HeapBaseMinAddress
#     to set the Java Heap base and to place the Java Heap above 4GB virtual address.
# This output file may be truncated or incomplete.
#
#  Out of Memory Error (os_windows.cpp:3559), pid=26260, tid=23852
#
# JRE version: OpenJDK Runtime Environment Temurin-17.0.7+7 (17.0.7+7) (build 17.0.7+7)
# Java VM: OpenJDK 64-Bit Server VM Temurin-17.0.7+7 (17.0.7+7, mixed mode, emulated-client, tiered, compressed oops, compressed class ptrs, g1 gc, windows-amd64)
# No core dump will be written. Minidumps are not enabled by default on client versions of Windows
#

---------------  S U M M A R Y ------------

Command Line: -XX:+HeapDumpOnOutOfMemoryError -Xmx1024m -Dsts.lsp.client=vscode -Dsts.log.file=/dev/null -XX:TieredStopAtLevel=1 -Xlog:jni+resolve=off -Dspring.config.location=file:c:\Users\joonv\.vscode\extensions\vmware.vscode-spring-boot-1.46.0\language-server\BOOT-INF\classes\application.properties org.springframework.ide.vscode.boot.app.BootLanguageServerBootApp

Host: Intel(R) Core(TM) i7-1065G7 CPU @ 1.30GHz, 8 cores, 15G,  Windows 11 , 64 bit Build 22621 (10.0.22621.1635)
Time: Wed May 17 12:50:06 2023  Windows 11 , 64 bit Build 22621 (10.0.22621.1635) elapsed time: 6.577603 seconds (0d 0h 0m 6s)

---------------  T H R E A D  ---------------

Current thread (0x000001df87252430):  VMThread "VM Thread" [stack: 0x00000008da200000,0x00000008da300000] [id=23852]

Stack: [0x00000008da200000,0x00000008da300000]
Native frames: (J=compiled Java code, j=interpreted, Vv=VM code, C=native code)
V  [jvm.dll+0x67754a]
V  [jvm.dll+0x834304]
V  [jvm.dll+0x835aae]
V  [jvm.dll+0x836113]
V  [jvm.dll+0x24696f]
V  [jvm.dll+0x6743f9]
V  [jvm.dll+0x668c8a]
V  [jvm.dll+0x3061bb]
V  [jvm.dll+0x30d6a6]
V  [jvm.dll+0x35cece]
V  [jvm.dll+0x35d0ff]
V  [jvm.dll+0x2dd048]
V  [jvm.dll+0x2db20c]
V  [jvm.dll+0x2da7dc]
V  [jvm.dll+0x31e6db]
V  [jvm.dll+0x83a5bb]
V  [jvm.dll+0x83b2f4]
V  [jvm.dll+0x83b80c]
V  [jvm.dll+0x83bbe4]
V  [jvm.dll+0x83bcb0]
V  [jvm.dll+0x7e4e7a]
V  [jvm.dll+0x676395]
C  [ucrtbase.dll+0x29363]
C  [KERNEL32.DLL+0x126ad]
C  [ntdll.dll+0x5a9f8]

VM_Operation (0x00000008dc3fdb90): G1CollectForAllocation, mode: safepoint, requested by thread 0x000001df8ca86230


---------------  P R O C E S S  ---------------

Threads class SMR info:
_java_thread_list=0x000001df8d72f8d0, length=43, elements={
0x000001df87273380, 0x000001df87273c40, 0x000001df87287390, 0x000001df87287c50,
0x000001df87288510, 0x000001df87288dd0, 0x000001df8728b750, 0x000001df8728c050,
0x000001df874be7e0, 0x000001df874d7170, 0x000001df874ea010, 0x000001df879d1090,
0x000001df879d0160, 0x000001df8c96d7b0, 0x000001df8c9c9840, 0x000001df8c9e3300,
0x000001df8c9e2500, 0x000001dffa346490, 0x000001df8c5e9a10, 0x000001df8ca72460,
0x000001df8ca72930, 0x000001df8ca73070, 0x000001df8ca85d60, 0x000001df8ca870a0,
0x000001df8ca86230, 0x000001df8ca87570, 0x000001df8ca86700, 0x000001df8ca86bd0,
0x000001df8cbb8660, 0x000001df8cbbdd00, 0x000001df8cbbc4f0, 0x000001df8cbbd360,
0x000001df8cbbace0, 0x000001df8cbbf040, 0x000001df8cbbc9c0, 0x000001df8cbbbb50,
0x000001df8cbbce90, 0x000001df8cbbb1b0, 0x000001df8cbbe1d0, 0x000001df8cbbd830,
0x000001df8cbb99a0, 0x000001df8cbbe6a0, 0x000001df8cbb9000
}

Java Threads: ( => current thread )
  0x000001df87273380 JavaThread "Reference Handler" daemon [_thread_blocked, id=11176, stack(0x00000008da300000,0x00000008da400000)]
  0x000001df87273c40 JavaThread "Finalizer" daemon [_thread_blocked, id=25008, stack(0x00000008da400000,0x00000008da500000)]
  0x000001df87287390 JavaThread "Signal Dispatcher" daemon [_thread_blocked, id=12880, stack(0x00000008da500000,0x00000008da600000)]
  0x000001df87287c50 JavaThread "Attach Listener" daemon [_thread_blocked, id=7096, stack(0x00000008da600000,0x00000008da700000)]
  0x000001df87288510 JavaThread "Service Thread" daemon [_thread_blocked, id=1100, stack(0x00000008da700000,0x00000008da800000)]
  0x000001df87288dd0 JavaThread "Monitor Deflation Thread" daemon [_thread_blocked, id=17620, stack(0x00000008da800000,0x00000008da900000)]
  0x000001df8728b750 JavaThread "C1 CompilerThread0" daemon [_thread_blocked, id=5508, stack(0x00000008da900000,0x00000008daa00000)]
  0x000001df8728c050 JavaThread "Sweeper thread" daemon [_thread_blocked, id=20788, stack(0x00000008daa00000,0x00000008dab00000)]
  0x000001df874be7e0 JavaThread "C1 CompilerThread1" daemon [_thread_blocked, id=1660, stack(0x00000008dab00000,0x00000008dac00000)]
  0x000001df874d7170 JavaThread "Notification Thread" daemon [_thread_blocked, id=14456, stack(0x00000008dac00000,0x00000008dad00000)]
  0x000001df874ea010 JavaThread "Common-Cleaner" daemon [_thread_blocked, id=20824, stack(0x00000008dae00000,0x00000008daf00000)]
  0x000001df879d1090 JavaThread "C1 CompilerThread2" daemon [_thread_blocked, id=17420, stack(0x00000008db700000,0x00000008db800000)]
  0x000001df879d0160 JavaThread "C1 CompilerThread3" daemon [_thread_blocked, id=5368, stack(0x00000008db800000,0x00000008db900000)]
  0x000001df8c96d7b0 JavaThread "boundedElastic-evictor-1" daemon [_thread_blocked, id=26036, stack(0x00000008db600000,0x00000008db700000)]
  0x000001df8c9c9840 JavaThread "boundedElastic-evictor-2" daemon [_thread_blocked, id=14264, stack(0x00000008dba00000,0x00000008dbb00000)]
  0x000001df8c9e3300 JavaThread "pool-10-thread-1" [_thread_blocked, id=14244, stack(0x00000008dbb00000,0x00000008dbc00000)]
  0x000001df8c9e2500 JavaThread "LanguageServerApp-lifecycle" [_thread_blocked, id=21776, stack(0x00000008dbc00000,0x00000008dbd00000)]
  0x000001dffa346490 JavaThread "DestroyJavaVM" [_thread_blocked, id=24680, stack(0x00000008d9c00000,0x00000008d9d00000)]
  0x000001df8c5e9a10 JavaThread "pool-11-thread-1" [_thread_in_native, id=25284, stack(0x00000008dbd00000,0x00000008dbe00000)]
  0x000001df8ca72460 JavaThread "Simple-Language-Server main thread" daemon [_thread_blocked, id=23196, stack(0x00000008dbe00000,0x00000008dbf00000)]
  0x000001df8ca72930 JavaThread "pool-2-thread-1" [_thread_blocked, id=26068, stack(0x00000008dbf00000,0x00000008dc000000)]
  0x000001df8ca73070 JavaThread "pool-2-thread-2" [_thread_blocked, id=19108, stack(0x00000008dc000000,0x00000008dc100000)]
  0x000001df8ca85d60 JavaThread "pool-2-thread-3" [_thread_blocked, id=10156, stack(0x00000008dc100000,0x00000008dc200000)]
  0x000001df8ca870a0 JavaThread "ForkJoinPool.commonPool-worker-1" daemon [_thread_blocked, id=13132, stack(0x00000008dc200000,0x00000008dc300000)]
  0x000001df8ca86230 JavaThread "ClassGraph-worker-0" daemon [_thread_blocked, id=16592, stack(0x00000008dc300000,0x00000008dc400000)]
  0x000001df8ca87570 JavaThread "ClassGraph-worker-1" daemon [_thread_blocked, id=4012, stack(0x00000008dc400000,0x00000008dc500000)]
  0x000001df8ca86700 JavaThread "ClassGraph-worker-2" daemon [_thread_blocked, id=2340, stack(0x00000008dc500000,0x00000008dc600000)]
  0x000001df8ca86bd0 JavaThread "ClassGraph-worker-3" daemon [_thread_blocked, id=13808, stack(0x00000008dc600000,0x00000008dc700000)]
  0x000001df8cbb8660 JavaThread "ClassGraph-worker-4" daemon [_thread_blocked, id=13796, stack(0x00000008dc700000,0x00000008dc800000)]
  0x000001df8cbbdd00 JavaThread "parallel-1" daemon [_thread_blocked, id=10768, stack(0x00000008dc800000,0x00000008dc900000)]
  0x000001df8cbbc4f0 JavaThread "ClassGraph-worker-5" daemon [_thread_blocked, id=5380, stack(0x00000008dc900000,0x00000008dca00000)]
  0x000001df8cbbd360 JavaThread "ClassGraph-worker-6" daemon [_thread_blocked, id=6784, stack(0x00000008dca00000,0x00000008dcb00000)]
  0x000001df8cbbace0 JavaThread "ClassGraph-worker-7" daemon [_thread_blocked, id=18084, stack(0x00000008dcb00000,0x00000008dcc00000)]
  0x000001df8cbbf040 JavaThread "ClassGraph-worker-8" daemon [_thread_blocked, id=3792, stack(0x00000008dcc00000,0x00000008dcd00000)]
  0x000001df8cbbc9c0 JavaThread "ClassGraph-worker-9" daemon [_thread_blocked, id=17400, stack(0x00000008dcd00000,0x00000008dce00000)]
  0x000001df8cbbbb50 JavaThread "ClassGraph-worker-10" daemon [_thread_blocked, id=22100, stack(0x00000008dce00000,0x00000008dcf00000)]
  0x000001df8cbbce90 JavaThread "ClassGraph-worker-11" daemon [_thread_blocked, id=16540, stack(0x00000008dcf00000,0x00000008dd000000)]
  0x000001df8cbbb1b0 JavaThread "ClassGraph-worker-12" daemon [_thread_blocked, id=24192, stack(0x00000008dd000000,0x00000008dd100000)]
  0x000001df8cbbe1d0 JavaThread "ClassGraph-worker-13" daemon [_thread_blocked, id=20264, stack(0x00000008dd100000,0x00000008dd200000)]
  0x000001df8cbbd830 JavaThread "pool-4-thread-1" [_thread_blocked, id=6464, stack(0x00000008dd300000,0x00000008dd400000)]
  0x000001df8cbb99a0 JavaThread "parallel-2" daemon [_thread_blocked, id=25524, stack(0x00000008dd400000,0x00000008dd500000)]
  0x000001df8cbbe6a0 JavaThread "Project-Reconciler-1" daemon [_thread_blocked, id=3440, stack(0x00000008dd700000,0x00000008dd800000)]
  0x000001df8cbb9000 JavaThread "ForkJoinPool.commonPool-worker-2" daemon [_thread_blocked, id=13168, stack(0x00000008dd800000,0x00000008dd900000)]

Other Threads:
=>0x000001df87252430 VMThread "VM Thread" [stack: 0x00000008da200000,0x00000008da300000] [id=23852]
  0x000001dffa396740 WatcherThread [stack: 0x00000008dad00000,0x00000008dae00000] [id=20256]
  0x000001dffa3847f0 GCTaskThread "GC Thread#0" [stack: 0x00000008d9d00000,0x00000008d9e00000] [id=21764]
  0x000001df8c036030 GCTaskThread "GC Thread#1" [stack: 0x00000008daf00000,0x00000008db000000] [id=13128]
  0x000001df8c0362e0 GCTaskThread "GC Thread#2" [stack: 0x00000008db000000,0x00000008db100000] [id=21888]
  0x000001df8c036590 GCTaskThread "GC Thread#3" [stack: 0x00000008db100000,0x00000008db200000] [id=15632]
  0x000001df8c036840 GCTaskThread "GC Thread#4" [stack: 0x00000008db200000,0x00000008db300000] [id=24072]
  0x000001df8c036af0 GCTaskThread "GC Thread#5" [stack: 0x00000008db300000,0x00000008db400000] [id=24240]
  0x000001df8c2f6440 GCTaskThread "GC Thread#6" [stack: 0x00000008db400000,0x00000008db500000] [id=12444]
  0x000001df8c2f66f0 GCTaskThread "GC Thread#7" [stack: 0x00000008db500000,0x00000008db600000] [id=148]
  0x000001dffa38d6a0 ConcurrentGCThread "G1 Main Marker" [stack: 0x00000008d9e00000,0x00000008d9f00000] [id=26040]
  0x000001dffa390520 ConcurrentGCThread "G1 Conc#0" [stack: 0x00000008d9f00000,0x00000008da000000] [id=452]
  0x000001df8c3fcfd0 ConcurrentGCThread "G1 Conc#1" [stack: 0x00000008db900000,0x00000008dba00000] [id=13476]
  0x000001dffa3fd490 ConcurrentGCThread "G1 Refine#0" [stack: 0x00000008da000000,0x00000008da100000] [id=8128]
  0x000001df8cd97330 ConcurrentGCThread "G1 Refine#1" [stack: 0x00000008dd200000,0x00000008dd300000] [id=19728]
  0x000001df8cc5a400 ConcurrentGCThread "G1 Refine#2" [stack: 0x00000008dd500000,0x00000008dd600000] [id=24144]
  0x000001df8cfcc050 ConcurrentGCThread "G1 Refine#3" [stack: 0x00000008dd600000,0x00000008dd700000] [id=5940]
  0x000001dffa3fdb60 ConcurrentGCThread "G1 Service" [stack: 0x00000008da100000,0x00000008da200000] [id=6984]

Threads with active compile tasks:

VM state: at safepoint (normal execution)

VM Mutex/Monitor currently owned by a thread:  ([mutex/lock_event])
[0x000001dffa120d40] Threads_lock - owner thread: 0x000001df87252430
[0x000001dffa343520] Heap_lock - owner thread: 0x000001df8ca86230

Heap address: 0x00000000c0000000, size: 1024 MB, Compressed Oops mode: 32-bit

CDS archive(s) not mapped
Compressed class space mapped at: 0x0000000100000000-0x0000000140000000, reserved size: 1073741824
Narrow klass base: 0x0000000000000000, Narrow klass shift: 3, Narrow klass range: 0x140000000

GC Precious Log:
 CPUs: 8 total, 8 available
 Memory: 16145M
 Large Page Support: Disabled
 NUMA Support: Disabled
 Compressed Oops: Enabled (32-bit)
 Heap Region Size: 1M
 Heap Min Capacity: 8M
 Heap Initial Capacity: 254M
 Heap Max Capacity: 1G
 Pre-touch: Disabled
 Parallel Workers: 8
 Concurrent Workers: 2
 Concurrent Refinement Workers: 8
 Periodic GC: Disabled

Heap:
 garbage-first heap   total 338944K, used 104039K [0x00000000c0000000, 0x0000000100000000)
  region size 1024K, 14 young (14336K), 14 survivors (14336K)
 Metaspace       used 39272K, committed 39680K, reserved 1114112K
  class space    used 5048K, committed 5248K, reserved 1048576K

Heap Regions: E=young(eden), S=young(survivor), O=old, HS=humongous(starts), HC=humongous(continues), CS=collection set, F=free, OA=open archive, CA=closed archive, TAMS=top-at-mark-start (previous, next)
|   0|0x00000000c0000000, 0x00000000c0100000, 0x00000000c0100000|100%| O|  |TAMS 0x00000000c0100000, 0x00000000c0000000| Untracked 
|   1|0x00000000c0100000, 0x00000000c0200000, 0x00000000c0200000|100%| O|  |TAMS 0x00000000c0200000, 0x00000000c0100000| Untracked 
|   2|0x00000000c0200000, 0x00000000c0300000, 0x00000000c0300000|100%| O|  |TAMS 0x00000000c0300000, 0x00000000c0200000| Untracked 
|   3|0x00000000c0300000, 0x00000000c0400000, 0x00000000c0400000|100%| O|  |TAMS 0x00000000c0400000, 0x00000000c0300000| Untracked 
|   4|0x00000000c0400000, 0x00000000c0500000, 0x00000000c0500000|100%| O|  |TAMS 0x00000000c0500000, 0x00000000c0400000| Untracked 
|   5|0x00000000c0500000, 0x00000000c0600000, 0x00000000c0600000|100%| O|  |TAMS 0x00000000c0600000, 0x00000000c0500000| Untracked 
|   6|0x00000000c0600000, 0x00000000c0700000, 0x00000000c0700000|100%| O|  |TAMS 0x00000000c0700000, 0x00000000c0600000| Untracked 
|   7|0x00000000c0700000, 0x00000000c0800000, 0x00000000c0800000|100%| O|  |TAMS 0x00000000c0800000, 0x00000000c0700000| Untracked 
|   8|0x00000000c0800000, 0x00000000c0900000, 0x00000000c0900000|100%| O|  |TAMS 0x00000000c0900000, 0x00000000c0800000| Untracked 
|   9|0x00000000c0900000, 0x00000000c0a00000, 0x00000000c0a00000|100%| O|  |TAMS 0x00000000c0a00000, 0x00000000c0900000| Untracked 
|  10|0x00000000c0a00000, 0x00000000c0b00000, 0x00000000c0b00000|100%| O|  |TAMS 0x00000000c0b00000, 0x00000000c0a00000| Untracked 
|  11|0x00000000c0b00000, 0x00000000c0c00000, 0x00000000c0c00000|100%| O|  |TAMS 0x00000000c0c00000, 0x00000000c0b00000| Untracked 
|  12|0x00000000c0c00000, 0x00000000c0d00000, 0x00000000c0d00000|100%| O|  |TAMS 0x00000000c0d00000, 0x00000000c0c00000| Untracked 
|  13|0x00000000c0d00000, 0x00000000c0e00000, 0x00000000c0e00000|100%| O|  |TAMS 0x00000000c0e00000, 0x00000000c0d00000| Untracked 
|  14|0x00000000c0e00000, 0x00000000c0f00000, 0x00000000c0f00000|100%| O|  |TAMS 0x00000000c0f00000, 0x00000000c0e00000| Untracked 
|  15|0x00000000c0f00000, 0x00000000c1000000, 0x00000000c1000000|100%| O|  |TAMS 0x00000000c1000000, 0x00000000c0f00000| Untracked 
|  16|0x00000000c1000000, 0x00000000c1100000, 0x00000000c1100000|100%| O|  |TAMS 0x00000000c1100000, 0x00000000c1000000| Untracked 
|  17|0x00000000c1100000, 0x00000000c1200000, 0x00000000c1200000|100%| O|  |TAMS 0x00000000c1200000, 0x00000000c1100000| Untracked 
|  18|0x00000000c1200000, 0x00000000c1300000, 0x00000000c1300000|100%| O|  |TAMS 0x00000000c1300000, 0x00000000c1200000| Untracked 
|  19|0x00000000c1300000, 0x00000000c1400000, 0x00000000c1400000|100%| O|  |TAMS 0x00000000c1400000, 0x00000000c1300000| Untracked 
|  20|0x00000000c1400000, 0x00000000c1500000, 0x00000000c1500000|100%| O|  |TAMS 0x00000000c1500000, 0x00000000c1400000| Untracked 
|  21|0x00000000c1500000, 0x00000000c1600000, 0x00000000c1600000|100%| O|  |TAMS 0x00000000c1600000, 0x00000000c1500000| Untracked 
|  22|0x00000000c1600000, 0x00000000c1700000, 0x00000000c1700000|100%| O|  |TAMS 0x00000000c1700000, 0x00000000c1600000| Untracked 
|  23|0x00000000c1700000, 0x00000000c1800000, 0x00000000c1800000|100%| O|  |TAMS 0x00000000c1800000, 0x00000000c1700000| Untracked 
|  24|0x00000000c1800000, 0x00000000c1900000, 0x00000000c1900000|100%| O|  |TAMS 0x00000000c1900000, 0x00000000c1800000| Untracked 
|  25|0x00000000c1900000, 0x00000000c1a00000, 0x00000000c1a00000|100%| O|  |TAMS 0x00000000c1a00000, 0x00000000c1900000| Untracked 
|  26|0x00000000c1a00000, 0x00000000c1b00000, 0x00000000c1b00000|100%| O|  |TAMS 0x00000000c1b00000, 0x00000000c1a00000| Untracked 
|  27|0x00000000c1b00000, 0x00000000c1c00000, 0x00000000c1c00000|100%|HS|  |TAMS 0x00000000c1c00000, 0x00000000c1b00000| Complete 
|  28|0x00000000c1c00000, 0x00000000c1d00000, 0x00000000c1d00000|100%|HC|  |TAMS 0x00000000c1d00000, 0x00000000c1c00000| Complete 
|  29|0x00000000c1d00000, 0x00000000c1e00000, 0x00000000c1e00000|100%|HS|  |TAMS 0x00000000c1e00000, 0x00000000c1d00000| Complete 
|  30|0x00000000c1e00000, 0x00000000c1f00000, 0x00000000c1f00000|100%| O|  |TAMS 0x00000000c1e00000, 0x00000000c1e00000| Untracked 
|  31|0x00000000c1f00000, 0x00000000c2000000, 0x00000000c2000000|100%| O|  |TAMS 0x00000000c2000000, 0x00000000c1f00000| Untracked 
|  32|0x00000000c2000000, 0x00000000c2100000, 0x00000000c2100000|100%| O|  |TAMS 0x00000000c2100000, 0x00000000c2000000| Untracked 
|  33|0x00000000c2100000, 0x00000000c2200000, 0x00000000c2200000|100%| O|  |TAMS 0x00000000c2200000, 0x00000000c2100000| Untracked 
|  34|0x00000000c2200000, 0x00000000c2300000, 0x00000000c2300000|100%| O|  |TAMS 0x00000000c2300000, 0x00000000c2200000| Untracked 
|  35|0x00000000c2300000, 0x00000000c2400000, 0x00000000c2400000|100%| O|  |TAMS 0x00000000c2400000, 0x00000000c2300000| Untracked 
|  36|0x00000000c2400000, 0x00000000c2500000, 0x00000000c2500000|100%| O|  |TAMS 0x00000000c2500000, 0x00000000c2400000| Untracked 
|  37|0x00000000c2500000, 0x00000000c2600000, 0x00000000c2600000|100%| O|  |TAMS 0x00000000c2600000, 0x00000000c2500000| Untracked 
|  38|0x00000000c2600000, 0x00000000c2700000, 0x00000000c2700000|100%| O|  |TAMS 0x00000000c2700000, 0x00000000c2600000| Untracked 
|  39|0x00000000c2700000, 0x00000000c2800000, 0x00000000c2800000|100%| O|  |TAMS 0x00000000c2800000, 0x00000000c2700000| Untracked 
|  40|0x00000000c2800000, 0x00000000c2900000, 0x00000000c2900000|100%| O|  |TAMS 0x00000000c2900000, 0x00000000c2800000| Untracked 
|  41|0x00000000c2900000, 0x00000000c2a00000, 0x00000000c2a00000|100%| O|  |TAMS 0x00000000c2a00000, 0x00000000c2900000| Untracked 
|  42|0x00000000c2a00000, 0x00000000c2b00000, 0x00000000c2b00000|100%| O|  |TAMS 0x00000000c2b00000, 0x00000000c2a00000| Untracked 
|  43|0x00000000c2b00000, 0x00000000c2c00000, 0x00000000c2c00000|100%| O|  |TAMS 0x00000000c2c00000, 0x00000000c2b00000| Untracked 
|  44|0x00000000c2c00000, 0x00000000c2d00000, 0x00000000c2d00000|100%| O|  |TAMS 0x00000000c2d00000, 0x00000000c2c00000| Untracked 
|  45|0x00000000c2d00000, 0x00000000c2e00000, 0x00000000c2e00000|100%| O|  |TAMS 0x00000000c2e00000, 0x00000000c2d00000| Untracked 
|  46|0x00000000c2e00000, 0x00000000c2f00000, 0x00000000c2f00000|100%| O|  |TAMS 0x00000000c2f00000, 0x00000000c2e00000| Untracked 
|  47|0x00000000c2f00000, 0x00000000c3000000, 0x00000000c3000000|100%| O|  |TAMS 0x00000000c3000000, 0x00000000c2f00000| Untracked 
|  48|0x00000000c3000000, 0x00000000c3100000, 0x00000000c3100000|100%| O|  |TAMS 0x00000000c3100000, 0x00000000c3000000| Untracked 
|  49|0x00000000c3100000, 0x00000000c3200000, 0x00000000c3200000|100%| O|  |TAMS 0x00000000c3200000, 0x00000000c3100000| Untracked 
|  50|0x00000000c3200000, 0x00000000c3300000, 0x00000000c3300000|100%| O|  |TAMS 0x00000000c3300000, 0x00000000c3200000| Untracked 
|  51|0x00000000c3300000, 0x00000000c3400000, 0x00000000c3400000|100%| O|  |TAMS 0x00000000c3400000, 0x00000000c3300000| Untracked 
|  52|0x00000000c3400000, 0x00000000c3500000, 0x00000000c3500000|100%|HS|  |TAMS 0x00000000c3500000, 0x00000000c3400000| Complete 
|  53|0x00000000c3500000, 0x00000000c3600000, 0x00000000c3600000|100%| O|  |TAMS 0x00000000c3600000, 0x00000000c3500000| Untracked 
|  54|0x00000000c3600000, 0x00000000c3700000, 0x00000000c3700000|100%| O|  |TAMS 0x00000000c3700000, 0x00000000c3600000| Untracked 
|  55|0x00000000c3700000, 0x00000000c3800000, 0x00000000c3800000|100%| O|  |TAMS 0x00000000c3800000, 0x00000000c3700000| Untracked 
|  56|0x00000000c3800000, 0x00000000c3900000, 0x00000000c3900000|100%| O|  |TAMS 0x00000000c3900000, 0x00000000c3800000| Untracked 
|  57|0x00000000c3900000, 0x00000000c3a00000, 0x00000000c3a00000|100%| O|  |TAMS 0x00000000c3a00000, 0x00000000c3900000| Untracked 
|  58|0x00000000c3a00000, 0x00000000c3b00000, 0x00000000c3b00000|100%| O|  |TAMS 0x00000000c3b00000, 0x00000000c3a00000| Untracked 
|  59|0x00000000c3b00000, 0x00000000c3c00000, 0x00000000c3c00000|100%| O|  |TAMS 0x00000000c3c00000, 0x00000000c3b00000| Untracked 
|  60|0x00000000c3c00000, 0x00000000c3d00000, 0x00000000c3d00000|100%| O|  |TAMS 0x00000000c3d00000, 0x00000000c3c00000| Untracked 
|  61|0x00000000c3d00000, 0x00000000c3e00000, 0x00000000c3e00000|100%| O|  |TAMS 0x00000000c3d00000, 0x00000000c3d00000| Untracked 
|  62|0x00000000c3e00000, 0x00000000c3f00000, 0x00000000c3f00000|100%| O|  |TAMS 0x00000000c3f00000, 0x00000000c3e00000| Untracked 
|  63|0x00000000c3f00000, 0x00000000c4000000, 0x00000000c4000000|100%| O|  |TAMS 0x00000000c4000000, 0x00000000c3f00000| Untracked 
|  64|0x00000000c4000000, 0x00000000c4100000, 0x00000000c4100000|100%| O|  |TAMS 0x00000000c4100000, 0x00000000c4000000| Untracked 
|  65|0x00000000c4100000, 0x00000000c4200000, 0x00000000c4200000|100%| O|  |TAMS 0x00000000c4200000, 0x00000000c4100000| Untracked 
|  66|0x00000000c4200000, 0x00000000c4300000, 0x00000000c4300000|100%| O|  |TAMS 0x00000000c4300000, 0x00000000c4200000| Untracked 
|  67|0x00000000c4300000, 0x00000000c4400000, 0x00000000c4400000|100%| O|  |TAMS 0x00000000c4400000, 0x00000000c4300000| Untracked 
|  68|0x00000000c4400000, 0x00000000c4500000, 0x00000000c4500000|100%| O|  |TAMS 0x00000000c4500000, 0x00000000c4400000| Untracked 
|  69|0x00000000c4500000, 0x00000000c4600000, 0x00000000c4600000|100%| O|  |TAMS 0x00000000c4600000, 0x00000000c4500000| Untracked 
|  70|0x00000000c4600000, 0x00000000c4700000, 0x00000000c4700000|100%| O|  |TAMS 0x00000000c4700000, 0x00000000c4600000| Untracked 
|  71|0x00000000c4700000, 0x00000000c4800000, 0x00000000c4800000|100%| O|  |TAMS 0x00000000c4700000, 0x00000000c4700000| Untracked 
|  72|0x00000000c4800000, 0x00000000c4900000, 0x00000000c4900000|100%| O|  |TAMS 0x00000000c4900000, 0x00000000c4800000| Untracked 
|  73|0x00000000c4900000, 0x00000000c4a00000, 0x00000000c4a00000|100%| O|  |TAMS 0x00000000c4941800, 0x00000000c4900000| Untracked 
|  74|0x00000000c4a00000, 0x00000000c4b00000, 0x00000000c4b00000|100%| O|  |TAMS 0x00000000c4a00000, 0x00000000c4a00000| Untracked 
|  75|0x00000000c4b00000, 0x00000000c4c00000, 0x00000000c4c00000|100%| O|  |TAMS 0x00000000c4b00000, 0x00000000c4b00000| Untracked 
|  76|0x00000000c4c00000, 0x00000000c4d00000, 0x00000000c4d00000|100%| O|  |TAMS 0x00000000c4c00000, 0x00000000c4c00000| Untracked 
|  77|0x00000000c4d00000, 0x00000000c4e00000, 0x00000000c4e00000|100%| O|  |TAMS 0x00000000c4d00000, 0x00000000c4d00000| Untracked 
|  78|0x00000000c4e00000, 0x00000000c4f00000, 0x00000000c4f00000|100%| O|  |TAMS 0x00000000c4e00000, 0x00000000c4e00000| Untracked 
|  79|0x00000000c4f00000, 0x00000000c5000000, 0x00000000c5000000|100%| O|  |TAMS 0x00000000c4f00000, 0x00000000c4f00000| Untracked 
|  80|0x00000000c5000000, 0x00000000c5100000, 0x00000000c5100000|100%| O|  |TAMS 0x00000000c5000000, 0x00000000c5000000| Untracked 
|  81|0x00000000c5100000, 0x00000000c5200000, 0x00000000c5200000|100%| O|  |TAMS 0x00000000c5100000, 0x00000000c5100000| Untracked 
|  82|0x00000000c5200000, 0x00000000c5300000, 0x00000000c5300000|100%| O|  |TAMS 0x00000000c5200000, 0x00000000c5200000| Untracked 
|  83|0x00000000c5300000, 0x00000000c5400000, 0x00000000c5400000|100%| O|  |TAMS 0x00000000c5300000, 0x00000000c5300000| Untracked 
|  84|0x00000000c5400000, 0x00000000c5500000, 0x00000000c5500000|100%| O|  |TAMS 0x00000000c5400000, 0x00000000c5400000| Untracked 
|  85|0x00000000c5500000, 0x00000000c5600000, 0x00000000c5600000|100%| O|  |TAMS 0x00000000c5500000, 0x00000000c5500000| Untracked 
|  86|0x00000000c5600000, 0x00000000c5700000, 0x00000000c5700000|100%| O|  |TAMS 0x00000000c5600000, 0x00000000c5600000| Untracked 
|  87|0x00000000c5700000, 0x00000000c5799c00, 0x00000000c5800000| 60%| O|  |TAMS 0x00000000c5700000, 0x00000000c5700000| Untracked 
|  88|0x00000000c5800000, 0x00000000c5800000, 0x00000000c5900000|  0%| F|  |TAMS 0x00000000c5800000, 0x00000000c5800000| Untracked 
|  89|0x00000000c5900000, 0x00000000c5900000, 0x00000000c5a00000|  0%| F|  |TAMS 0x00000000c5900000, 0x00000000c5900000| Untracked 
|  90|0x00000000c5a00000, 0x00000000c5a00000, 0x00000000c5b00000|  0%| F|  |TAMS 0x00000000c5a00000, 0x00000000c5a00000| Untracked 
|  91|0x00000000c5b00000, 0x00000000c5b00000, 0x00000000c5c00000|  0%| F|  |TAMS 0x00000000c5b00000, 0x00000000c5b00000| Untracked 
|  92|0x00000000c5c00000, 0x00000000c5c00000, 0x00000000c5d00000|  0%| F|  |TAMS 0x00000000c5c00000, 0x00000000c5c00000| Untracked 
|  93|0x00000000c5d00000, 0x00000000c5d00000, 0x00000000c5e00000|  0%| F|  |TAMS 0x00000000c5d00000, 0x00000000c5d00000| Untracked 
|  94|0x00000000c5e00000, 0x00000000c5e00000, 0x00000000c5f00000|  0%| F|  |TAMS 0x00000000c5e00000, 0x00000000c5e00000| Untracked 
|  95|0x00000000c5f00000, 0x00000000c5f00000, 0x00000000c6000000|  0%| F|  |TAMS 0x00000000c5f00000, 0x00000000c5f00000| Untracked 
|  96|0x00000000c6000000, 0x00000000c6000000, 0x00000000c6100000|  0%| F|  |TAMS 0x00000000c6000000, 0x00000000c6000000| Untracked 
|  97|0x00000000c6100000, 0x00000000c6100000, 0x00000000c6200000|  0%| F|  |TAMS 0x00000000c6100000, 0x00000000c6100000| Untracked 
|  98|0x00000000c6200000, 0x00000000c6200000, 0x00000000c6300000|  0%| F|  |TAMS 0x00000000c6200000, 0x00000000c6200000| Untracked 
|  99|0x00000000c6300000, 0x00000000c6300000, 0x00000000c6400000|  0%| F|  |TAMS 0x00000000c6300000, 0x00000000c6300000| Untracked 
| 100|0x00000000c6400000, 0x00000000c6400000, 0x00000000c6500000|  0%| F|  |TAMS 0x00000000c6400000, 0x00000000c6400000| Untracked 
| 101|0x00000000c6500000, 0x00000000c6500000, 0x00000000c6600000|  0%| F|  |TAMS 0x00000000c6500000, 0x00000000c6500000| Untracked 
| 102|0x00000000c6600000, 0x00000000c6600000, 0x00000000c6700000|  0%| F|  |TAMS 0x00000000c6600000, 0x00000000c6600000| Untracked 
| 103|0x00000000c6700000, 0x00000000c6700000, 0x00000000c6800000|  0%| F|  |TAMS 0x00000000c6700000, 0x00000000c6700000| Untracked 
| 104|0x00000000c6800000, 0x00000000c6800000, 0x00000000c6900000|  0%| F|  |TAMS 0x00000000c6800000, 0x00000000c6800000| Untracked 
| 105|0x00000000c6900000, 0x00000000c6900000, 0x00000000c6a00000|  0%| F|  |TAMS 0x00000000c6900000, 0x00000000c6900000| Untracked 
| 106|0x00000000c6a00000, 0x00000000c6a00000, 0x00000000c6b00000|  0%| F|  |TAMS 0x00000000c6a00000, 0x00000000c6a00000| Untracked 
| 107|0x00000000c6b00000, 0x00000000c6b00000, 0x00000000c6c00000|  0%| F|  |TAMS 0x00000000c6b00000, 0x00000000c6b00000| Untracked 
| 108|0x00000000c6c00000, 0x00000000c6c00000, 0x00000000c6d00000|  0%| F|  |TAMS 0x00000000c6c00000, 0x00000000c6c00000| Untracked 
| 109|0x00000000c6d00000, 0x00000000c6d00000, 0x00000000c6e00000|  0%| F|  |TAMS 0x00000000c6d00000, 0x00000000c6d00000| Untracked 
| 110|0x00000000c6e00000, 0x00000000c6e00000, 0x00000000c6f00000|  0%| F|  |TAMS 0x00000000c6e00000, 0x00000000c6e00000| Untracked 
| 111|0x00000000c6f00000, 0x00000000c6f00000, 0x00000000c7000000|  0%| F|  |TAMS 0x00000000c6f00000, 0x00000000c6f00000| Untracked 
| 112|0x00000000c7000000, 0x00000000c7000000, 0x00000000c7100000|  0%| F|  |TAMS 0x00000000c7000000, 0x00000000c7000000| Untracked 
| 113|0x00000000c7100000, 0x00000000c7100000, 0x00000000c7200000|  0%| F|  |TAMS 0x00000000c7100000, 0x00000000c7100000| Untracked 
| 114|0x00000000c7200000, 0x00000000c7200000, 0x00000000c7300000|  0%| F|  |TAMS 0x00000000c7200000, 0x00000000c7200000| Untracked 
| 115|0x00000000c7300000, 0x00000000c7300000, 0x00000000c7400000|  0%| F|  |TAMS 0x00000000c7300000, 0x00000000c7300000| Untracked 
| 116|0x00000000c7400000, 0x00000000c7400000, 0x00000000c7500000|  0%| F|  |TAMS 0x00000000c7400000, 0x00000000c7400000| Untracked 
| 117|0x00000000c7500000, 0x00000000c7500000, 0x00000000c7600000|  0%| F|  |TAMS 0x00000000c7500000, 0x00000000c7500000| Untracked 
| 118|0x00000000c7600000, 0x00000000c7600000, 0x00000000c7700000|  0%| F|  |TAMS 0x00000000c7600000, 0x00000000c7600000| Untracked 
| 119|0x00000000c7700000, 0x00000000c7700000, 0x00000000c7800000|  0%| F|  |TAMS 0x00000000c7700000, 0x00000000c7700000| Untracked 
| 120|0x00000000c7800000, 0x00000000c7800000, 0x00000000c7900000|  0%| F|  |TAMS 0x00000000c7800000, 0x00000000c7800000| Untracked 
| 121|0x00000000c7900000, 0x00000000c7900000, 0x00000000c7a00000|  0%| F|  |TAMS 0x00000000c7900000, 0x00000000c7900000| Untracked 
| 122|0x00000000c7a00000, 0x00000000c7a00000, 0x00000000c7b00000|  0%| F|  |TAMS 0x00000000c7a00000, 0x00000000c7a00000| Untracked 
| 123|0x00000000c7b00000, 0x00000000c7b00000, 0x00000000c7c00000|  0%| F|  |TAMS 0x00000000c7b00000, 0x00000000c7b00000| Untracked 
| 124|0x00000000c7c00000, 0x00000000c7c00000, 0x00000000c7d00000|  0%| F|  |TAMS 0x00000000c7c00000, 0x00000000c7c00000| Untracked 
| 125|0x00000000c7d00000, 0x00000000c7d00000, 0x00000000c7e00000|  0%| F|  |TAMS 0x00000000c7d00000, 0x00000000c7d00000| Untracked 
| 126|0x00000000c7e00000, 0x00000000c7e00000, 0x00000000c7f00000|  0%| F|  |TAMS 0x00000000c7e00000, 0x00000000c7e00000| Untracked 
| 127|0x00000000c7f00000, 0x00000000c7f00000, 0x00000000c8000000|  0%| F|  |TAMS 0x00000000c7f00000, 0x00000000c7f00000| Untracked 
| 128|0x00000000c8000000, 0x00000000c8000000, 0x00000000c8100000|  0%| F|  |TAMS 0x00000000c8000000, 0x00000000c8000000| Untracked 
| 129|0x00000000c8100000, 0x00000000c8100000, 0x00000000c8200000|  0%| F|  |TAMS 0x00000000c8100000, 0x00000000c8100000| Untracked 
| 130|0x00000000c8200000, 0x00000000c8200000, 0x00000000c8300000|  0%| F|  |TAMS 0x00000000c8200000, 0x00000000c8200000| Untracked 
| 131|0x00000000c8300000, 0x00000000c8300000, 0x00000000c8400000|  0%| F|  |TAMS 0x00000000c8300000, 0x00000000c8300000| Untracked 
| 132|0x00000000c8400000, 0x00000000c8400000, 0x00000000c8500000|  0%| F|  |TAMS 0x00000000c8400000, 0x00000000c8400000| Untracked 
| 133|0x00000000c8500000, 0x00000000c8500000, 0x00000000c8600000|  0%| F|  |TAMS 0x00000000c8500000, 0x00000000c8500000| Untracked 
| 134|0x00000000c8600000, 0x00000000c8600000, 0x00000000c8700000|  0%| F|  |TAMS 0x00000000c8600000, 0x00000000c8600000| Untracked 
| 135|0x00000000c8700000, 0x00000000c8700000, 0x00000000c8800000|  0%| F|  |TAMS 0x00000000c8700000, 0x00000000c8700000| Untracked 
| 136|0x00000000c8800000, 0x00000000c8800000, 0x00000000c8900000|  0%| F|  |TAMS 0x00000000c8800000, 0x00000000c8800000| Untracked 
| 137|0x00000000c8900000, 0x00000000c8900000, 0x00000000c8a00000|  0%| F|  |TAMS 0x00000000c8900000, 0x00000000c8900000| Untracked 
| 138|0x00000000c8a00000, 0x00000000c8a00000, 0x00000000c8b00000|  0%| F|  |TAMS 0x00000000c8a00000, 0x00000000c8a00000| Untracked 
| 139|0x00000000c8b00000, 0x00000000c8b00000, 0x00000000c8c00000|  0%| F|  |TAMS 0x00000000c8b00000, 0x00000000c8b00000| Untracked 
| 140|0x00000000c8c00000, 0x00000000c8d00000, 0x00000000c8d00000|100%| S|CS|TAMS 0x00000000c8c00000, 0x00000000c8c00000| Complete 
| 141|0x00000000c8d00000, 0x00000000c8e00000, 0x00000000c8e00000|100%| S|CS|TAMS 0x00000000c8d00000, 0x00000000c8d00000| Complete 
| 142|0x00000000c8e00000, 0x00000000c8f00000, 0x00000000c8f00000|100%| S|CS|TAMS 0x00000000c8e00000, 0x00000000c8e00000| Complete 
| 143|0x00000000c8f00000, 0x00000000c9000000, 0x00000000c9000000|100%| S|CS|TAMS 0x00000000c8f00000, 0x00000000c8f00000| Complete 
| 144|0x00000000c9000000, 0x00000000c9100000, 0x00000000c9100000|100%| S|CS|TAMS 0x00000000c9000000, 0x00000000c9000000| Complete 
| 145|0x00000000c9100000, 0x00000000c9200000, 0x00000000c9200000|100%| S|CS|TAMS 0x00000000c9100000, 0x00000000c9100000| Complete 
| 146|0x00000000c9200000, 0x00000000c9300000, 0x00000000c9300000|100%| S|CS|TAMS 0x00000000c9200000, 0x00000000c9200000| Complete 
| 147|0x00000000c9300000, 0x00000000c9300000, 0x00000000c9400000|  0%| F|  |TAMS 0x00000000c9300000, 0x00000000c9300000| Untracked 
| 148|0x00000000c9400000, 0x00000000c9400000, 0x00000000c9500000|  0%| F|  |TAMS 0x00000000c9400000, 0x00000000c9400000| Untracked 
| 149|0x00000000c9500000, 0x00000000c9500000, 0x00000000c9600000|  0%| F|  |TAMS 0x00000000c9500000, 0x00000000c9500000| Untracked 
| 150|0x00000000c9600000, 0x00000000c9600000, 0x00000000c9700000|  0%| F|  |TAMS 0x00000000c9600000, 0x00000000c9600000| Untracked 
| 151|0x00000000c9700000, 0x00000000c9700000, 0x00000000c9800000|  0%| F|  |TAMS 0x00000000c9700000, 0x00000000c9700000| Untracked 
| 152|0x00000000c9800000, 0x00000000c9800000, 0x00000000c9900000|  0%| F|  |TAMS 0x00000000c9800000, 0x00000000c9800000| Untracked 
| 153|0x00000000c9900000, 0x00000000c9900000, 0x00000000c9a00000|  0%| F|  |TAMS 0x00000000c9900000, 0x00000000c9900000| Untracked 
| 154|0x00000000c9a00000, 0x00000000c9a00000, 0x00000000c9b00000|  0%| F|  |TAMS 0x00000000c9a00000, 0x00000000c9a00000| Untracked 
| 155|0x00000000c9b00000, 0x00000000c9b00000, 0x00000000c9c00000|  0%| F|  |TAMS 0x00000000c9b00000, 0x00000000c9b00000| Untracked 
| 156|0x00000000c9c00000, 0x00000000c9c00000, 0x00000000c9d00000|  0%| F|  |TAMS 0x00000000c9c00000, 0x00000000c9c00000| Untracked 
| 157|0x00000000c9d00000, 0x00000000c9d00000, 0x00000000c9e00000|  0%| F|  |TAMS 0x00000000c9d00000, 0x00000000c9d00000| Untracked 
| 158|0x00000000c9e00000, 0x00000000c9e00000, 0x00000000c9f00000|  0%| F|  |TAMS 0x00000000c9e00000, 0x00000000c9e00000| Untracked 
| 159|0x00000000c9f00000, 0x00000000ca000000, 0x00000000ca000000|100%| S|CS|TAMS 0x00000000c9f00000, 0x00000000c9f00000| Complete 
| 160|0x00000000ca000000, 0x00000000ca100000, 0x00000000ca100000|100%| S|CS|TAMS 0x00000000ca000000, 0x00000000ca000000| Complete 
| 161|0x00000000ca100000, 0x00000000ca200000, 0x00000000ca200000|100%| S|CS|TAMS 0x00000000ca100000, 0x00000000ca100000| Complete 
| 162|0x00000000ca200000, 0x00000000ca300000, 0x00000000ca300000|100%| S|CS|TAMS 0x00000000ca200000, 0x00000000ca200000| Complete 
| 163|0x00000000ca300000, 0x00000000ca400000, 0x00000000ca400000|100%| S|CS|TAMS 0x00000000ca300000, 0x00000000ca300000| Complete 
| 164|0x00000000ca400000, 0x00000000ca500000, 0x00000000ca500000|100%| S|CS|TAMS 0x00000000ca400000, 0x00000000ca400000| Complete 
| 165|0x00000000ca500000, 0x00000000ca600000, 0x00000000ca600000|100%| S|CS|TAMS 0x00000000ca500000, 0x00000000ca500000| Complete 
| 166|0x00000000ca600000, 0x00000000ca600000, 0x00000000ca700000|  0%| F|  |TAMS 0x00000000ca600000, 0x00000000ca600000| Untracked 
| 167|0x00000000ca700000, 0x00000000ca700000, 0x00000000ca800000|  0%| F|  |TAMS 0x00000000ca700000, 0x00000000ca700000| Untracked 
| 168|0x00000000ca800000, 0x00000000ca800000, 0x00000000ca900000|  0%| F|  |TAMS 0x00000000ca800000, 0x00000000ca800000| Untracked 
| 169|0x00000000ca900000, 0x00000000ca900000, 0x00000000caa00000|  0%| F|  |TAMS 0x00000000ca900000, 0x00000000ca900000| Untracked 
| 170|0x00000000caa00000, 0x00000000caa00000, 0x00000000cab00000|  0%| F|  |TAMS 0x00000000caa00000, 0x00000000caa00000| Untracked 
| 171|0x00000000cab00000, 0x00000000cab00000, 0x00000000cac00000|  0%| F|  |TAMS 0x00000000cab00000, 0x00000000cab00000| Untracked 
| 172|0x00000000cac00000, 0x00000000cac00000, 0x00000000cad00000|  0%| F|  |TAMS 0x00000000cac00000, 0x00000000cac00000| Untracked 
| 173|0x00000000cad00000, 0x00000000cad00000, 0x00000000cae00000|  0%| F|  |TAMS 0x00000000cad00000, 0x00000000cad00000| Untracked 
| 174|0x00000000cae00000, 0x00000000cae00000, 0x00000000caf00000|  0%| F|  |TAMS 0x00000000cae00000, 0x00000000cae00000| Untracked 
| 175|0x00000000caf00000, 0x00000000caf00000, 0x00000000cb000000|  0%| F|  |TAMS 0x00000000caf00000, 0x00000000caf00000| Untracked 
| 176|0x00000000cb000000, 0x00000000cb000000, 0x00000000cb100000|  0%| F|  |TAMS 0x00000000cb000000, 0x00000000cb000000| Untracked 
| 177|0x00000000cb100000, 0x00000000cb100000, 0x00000000cb200000|  0%| F|  |TAMS 0x00000000cb100000, 0x00000000cb100000| Untracked 
| 178|0x00000000cb200000, 0x00000000cb200000, 0x00000000cb300000|  0%| F|  |TAMS 0x00000000cb200000, 0x00000000cb200000| Untracked 
| 179|0x00000000cb300000, 0x00000000cb300000, 0x00000000cb400000|  0%| F|  |TAMS 0x00000000cb300000, 0x00000000cb300000| Untracked 
| 180|0x00000000cb400000, 0x00000000cb400000, 0x00000000cb500000|  0%| F|  |TAMS 0x00000000cb400000, 0x00000000cb400000| Untracked 
| 181|0x00000000cb500000, 0x00000000cb500000, 0x00000000cb600000|  0%| F|  |TAMS 0x00000000cb500000, 0x00000000cb500000| Untracked 
| 182|0x00000000cb600000, 0x00000000cb600000, 0x00000000cb700000|  0%| F|  |TAMS 0x00000000cb600000, 0x00000000cb600000| Untracked 
| 183|0x00000000cb700000, 0x00000000cb700000, 0x00000000cb800000|  0%| F|  |TAMS 0x00000000cb700000, 0x00000000cb700000| Untracked 
| 184|0x00000000cb800000, 0x00000000cb800000, 0x00000000cb900000|  0%| F|  |TAMS 0x00000000cb800000, 0x00000000cb800000| Untracked 
| 185|0x00000000cb900000, 0x00000000cb900000, 0x00000000cba00000|  0%| F|  |TAMS 0x00000000cb900000, 0x00000000cb900000| Untracked 
| 186|0x00000000cba00000, 0x00000000cba00000, 0x00000000cbb00000|  0%| F|  |TAMS 0x00000000cba00000, 0x00000000cba00000| Untracked 
| 187|0x00000000cbb00000, 0x00000000cbb00000, 0x00000000cbc00000|  0%| F|  |TAMS 0x00000000cbb00000, 0x00000000cbb00000| Untracked 
| 188|0x00000000cbc00000, 0x00000000cbc00000, 0x00000000cbd00000|  0%| F|  |TAMS 0x00000000cbc00000, 0x00000000cbc00000| Untracked 
| 189|0x00000000cbd00000, 0x00000000cbd00000, 0x00000000cbe00000|  0%| F|  |TAMS 0x00000000cbd00000, 0x00000000cbd00000| Untracked 
| 190|0x00000000cbe00000, 0x00000000cbe00000, 0x00000000cbf00000|  0%| F|  |TAMS 0x00000000cbe00000, 0x00000000cbe00000| Untracked 
| 191|0x00000000cbf00000, 0x00000000cbf00000, 0x00000000cc000000|  0%| F|  |TAMS 0x00000000cbf00000, 0x00000000cbf00000| Untracked 
| 192|0x00000000cc000000, 0x00000000cc000000, 0x00000000cc100000|  0%| F|  |TAMS 0x00000000cc000000, 0x00000000cc000000| Untracked 
| 193|0x00000000cc100000, 0x00000000cc100000, 0x00000000cc200000|  0%| F|  |TAMS 0x00000000cc100000, 0x00000000cc100000| Untracked 
| 194|0x00000000cc200000, 0x00000000cc200000, 0x00000000cc300000|  0%| F|  |TAMS 0x00000000cc200000, 0x00000000cc200000| Untracked 
| 195|0x00000000cc300000, 0x00000000cc300000, 0x00000000cc400000|  0%| F|  |TAMS 0x00000000cc300000, 0x00000000cc300000| Untracked 
| 196|0x00000000cc400000, 0x00000000cc400000, 0x00000000cc500000|  0%| F|  |TAMS 0x00000000cc400000, 0x00000000cc400000| Untracked 
| 197|0x00000000cc500000, 0x00000000cc500000, 0x00000000cc600000|  0%| F|  |TAMS 0x00000000cc500000, 0x00000000cc500000| Untracked 
| 198|0x00000000cc600000, 0x00000000cc600000, 0x00000000cc700000|  0%| F|  |TAMS 0x00000000cc600000, 0x00000000cc600000| Untracked 
| 199|0x00000000cc700000, 0x00000000cc700000, 0x00000000cc800000|  0%| F|  |TAMS 0x00000000cc700000, 0x00000000cc700000| Untracked 
| 200|0x00000000cc800000, 0x00000000cc800000, 0x00000000cc900000|  0%| F|  |TAMS 0x00000000cc800000, 0x00000000cc800000| Untracked 
| 201|0x00000000cc900000, 0x00000000cc900000, 0x00000000cca00000|  0%| F|  |TAMS 0x00000000cc900000, 0x00000000cc900000| Untracked 
| 202|0x00000000cca00000, 0x00000000cca00000, 0x00000000ccb00000|  0%| F|  |TAMS 0x00000000cca00000, 0x00000000cca00000| Untracked 
| 203|0x00000000ccb00000, 0x00000000ccb00000, 0x00000000ccc00000|  0%| F|  |TAMS 0x00000000ccb00000, 0x00000000ccb00000| Untracked 
| 204|0x00000000ccc00000, 0x00000000ccc00000, 0x00000000ccd00000|  0%| F|  |TAMS 0x00000000ccc00000, 0x00000000ccc00000| Untracked 
| 205|0x00000000ccd00000, 0x00000000ccd00000, 0x00000000cce00000|  0%| F|  |TAMS 0x00000000ccd00000, 0x00000000ccd00000| Untracked 
| 206|0x00000000cce00000, 0x00000000cce00000, 0x00000000ccf00000|  0%| F|  |TAMS 0x00000000cce00000, 0x00000000cce00000| Untracked 
| 207|0x00000000ccf00000, 0x00000000ccf00000, 0x00000000cd000000|  0%| F|  |TAMS 0x00000000ccf00000, 0x00000000ccf00000| Untracked 
| 208|0x00000000cd000000, 0x00000000cd000000, 0x00000000cd100000|  0%| F|  |TAMS 0x00000000cd000000, 0x00000000cd000000| Untracked 
| 209|0x00000000cd100000, 0x00000000cd100000, 0x00000000cd200000|  0%| F|  |TAMS 0x00000000cd100000, 0x00000000cd100000| Untracked 
| 210|0x00000000cd200000, 0x00000000cd200000, 0x00000000cd300000|  0%| F|  |TAMS 0x00000000cd200000, 0x00000000cd200000| Untracked 
| 211|0x00000000cd300000, 0x00000000cd300000, 0x00000000cd400000|  0%| F|  |TAMS 0x00000000cd300000, 0x00000000cd300000| Untracked 
| 212|0x00000000cd400000, 0x00000000cd400000, 0x00000000cd500000|  0%| F|  |TAMS 0x00000000cd400000, 0x00000000cd400000| Untracked 
| 213|0x00000000cd500000, 0x00000000cd500000, 0x00000000cd600000|  0%| F|  |TAMS 0x00000000cd500000, 0x00000000cd500000| Untracked 
| 214|0x00000000cd600000, 0x00000000cd600000, 0x00000000cd700000|  0%| F|  |TAMS 0x00000000cd600000, 0x00000000cd600000| Untracked 
| 215|0x00000000cd700000, 0x00000000cd700000, 0x00000000cd800000|  0%| F|  |TAMS 0x00000000cd700000, 0x00000000cd700000| Untracked 
| 216|0x00000000cd800000, 0x00000000cd800000, 0x00000000cd900000|  0%| F|  |TAMS 0x00000000cd800000, 0x00000000cd800000| Untracked 
| 217|0x00000000cd900000, 0x00000000cd900000, 0x00000000cda00000|  0%| F|  |TAMS 0x00000000cd900000, 0x00000000cd900000| Untracked 
| 218|0x00000000cda00000, 0x00000000cda00000, 0x00000000cdb00000|  0%| F|  |TAMS 0x00000000cda00000, 0x00000000cda00000| Untracked 
| 219|0x00000000cdb00000, 0x00000000cdb00000, 0x00000000cdc00000|  0%| F|  |TAMS 0x00000000cdb00000, 0x00000000cdb00000| Untracked 
| 220|0x00000000cdc00000, 0x00000000cdc00000, 0x00000000cdd00000|  0%| F|  |TAMS 0x00000000cdc00000, 0x00000000cdc00000| Untracked 
| 221|0x00000000cdd00000, 0x00000000cdd00000, 0x00000000cde00000|  0%| F|  |TAMS 0x00000000cdd00000, 0x00000000cdd00000| Untracked 
| 222|0x00000000cde00000, 0x00000000cde00000, 0x00000000cdf00000|  0%| F|  |TAMS 0x00000000cde00000, 0x00000000cde00000| Untracked 
| 223|0x00000000cdf00000, 0x00000000cdf00000, 0x00000000ce000000|  0%| F|  |TAMS 0x00000000cdf00000, 0x00000000cdf00000| Untracked 
| 224|0x00000000ce000000, 0x00000000ce000000, 0x00000000ce100000|  0%| F|  |TAMS 0x00000000ce000000, 0x00000000ce000000| Untracked 
| 225|0x00000000ce100000, 0x00000000ce100000, 0x00000000ce200000|  0%| F|  |TAMS 0x00000000ce100000, 0x00000000ce100000| Untracked 
| 226|0x00000000ce200000, 0x00000000ce200000, 0x00000000ce300000|  0%| F|  |TAMS 0x00000000ce200000, 0x00000000ce200000| Untracked 
| 227|0x00000000ce300000, 0x00000000ce300000, 0x00000000ce400000|  0%| F|  |TAMS 0x00000000ce300000, 0x00000000ce300000| Untracked 
| 228|0x00000000ce400000, 0x00000000ce400000, 0x00000000ce500000|  0%| F|  |TAMS 0x00000000ce400000, 0x00000000ce400000| Untracked 
| 229|0x00000000ce500000, 0x00000000ce500000, 0x00000000ce600000|  0%| F|  |TAMS 0x00000000ce500000, 0x00000000ce500000| Untracked 
| 230|0x00000000ce600000, 0x00000000ce600000, 0x00000000ce700000|  0%| F|  |TAMS 0x00000000ce600000, 0x00000000ce600000| Untracked 
| 231|0x00000000ce700000, 0x00000000ce700000, 0x00000000ce800000|  0%| F|  |TAMS 0x00000000ce700000, 0x00000000ce700000| Untracked 
| 232|0x00000000ce800000, 0x00000000ce800000, 0x00000000ce900000|  0%| F|  |TAMS 0x00000000ce800000, 0x00000000ce800000| Untracked 
| 233|0x00000000ce900000, 0x00000000ce900000, 0x00000000cea00000|  0%| F|  |TAMS 0x00000000ce900000, 0x00000000ce900000| Untracked 
| 234|0x00000000cea00000, 0x00000000cea00000, 0x00000000ceb00000|  0%| F|  |TAMS 0x00000000cea00000, 0x00000000cea00000| Untracked 
| 235|0x00000000ceb00000, 0x00000000ceb00000, 0x00000000cec00000|  0%| F|  |TAMS 0x00000000ceb00000, 0x00000000ceb00000| Untracked 
| 236|0x00000000cec00000, 0x00000000cec00000, 0x00000000ced00000|  0%| F|  |TAMS 0x00000000cec00000, 0x00000000cec00000| Untracked 
| 237|0x00000000ced00000, 0x00000000ced00000, 0x00000000cee00000|  0%| F|  |TAMS 0x00000000ced00000, 0x00000000ced00000| Untracked 
| 238|0x00000000cee00000, 0x00000000cee00000, 0x00000000cef00000|  0%| F|  |TAMS 0x00000000cee00000, 0x00000000cee00000| Untracked 
| 239|0x00000000cef00000, 0x00000000cef00000, 0x00000000cf000000|  0%| F|  |TAMS 0x00000000cef00000, 0x00000000cef00000| Untracked 
| 240|0x00000000cf000000, 0x00000000cf000000, 0x00000000cf100000|  0%| F|  |TAMS 0x00000000cf000000, 0x00000000cf000000| Untracked 
| 241|0x00000000cf100000, 0x00000000cf100000, 0x00000000cf200000|  0%| F|  |TAMS 0x00000000cf100000, 0x00000000cf100000| Untracked 
| 242|0x00000000cf200000, 0x00000000cf200000, 0x00000000cf300000|  0%| F|  |TAMS 0x00000000cf200000, 0x00000000cf200000| Untracked 
| 243|0x00000000cf300000, 0x00000000cf300000, 0x00000000cf400000|  0%| F|  |TAMS 0x00000000cf300000, 0x00000000cf300000| Untracked 
| 244|0x00000000cf400000, 0x00000000cf400000, 0x00000000cf500000|  0%| F|  |TAMS 0x00000000cf400000, 0x00000000cf400000| Untracked 
| 245|0x00000000cf500000, 0x00000000cf500000, 0x00000000cf600000|  0%| F|  |TAMS 0x00000000cf500000, 0x00000000cf500000| Untracked 
| 246|0x00000000cf600000, 0x00000000cf600000, 0x00000000cf700000|  0%| F|  |TAMS 0x00000000cf600000, 0x00000000cf600000| Untracked 
| 247|0x00000000cf700000, 0x00000000cf700000, 0x00000000cf800000|  0%| F|  |TAMS 0x00000000cf700000, 0x00000000cf700000| Untracked 
| 248|0x00000000cf800000, 0x00000000cf800000, 0x00000000cf900000|  0%| F|  |TAMS 0x00000000cf800000, 0x00000000cf800000| Untracked 
| 249|0x00000000cf900000, 0x00000000cf900000, 0x00000000cfa00000|  0%| F|  |TAMS 0x00000000cf900000, 0x00000000cf900000| Untracked 
| 250|0x00000000cfa00000, 0x00000000cfa00000, 0x00000000cfb00000|  0%| F|  |TAMS 0x00000000cfa00000, 0x00000000cfa00000| Untracked 
| 251|0x00000000cfb00000, 0x00000000cfb00000, 0x00000000cfc00000|  0%| F|  |TAMS 0x00000000cfb00000, 0x00000000cfb00000| Untracked 
| 252|0x00000000cfc00000, 0x00000000cfc00000, 0x00000000cfd00000|  0%| F|  |TAMS 0x00000000cfc00000, 0x00000000cfc00000| Untracked 
| 253|0x00000000cfd00000, 0x00000000cfd00000, 0x00000000cfe00000|  0%| F|  |TAMS 0x00000000cfd00000, 0x00000000cfd00000| Untracked 
| 254|0x00000000cfe00000, 0x00000000cfe00000, 0x00000000cff00000|  0%| F|  |TAMS 0x00000000cfe00000, 0x00000000cfe00000| Untracked 
| 255|0x00000000cff00000, 0x00000000cff00000, 0x00000000d0000000|  0%| F|  |TAMS 0x00000000cff00000, 0x00000000cff00000| Untracked 
| 256|0x00000000d0000000, 0x00000000d0000000, 0x00000000d0100000|  0%| F|  |TAMS 0x00000000d0000000, 0x00000000d0000000| Untracked 
| 257|0x00000000d0100000, 0x00000000d0100000, 0x00000000d0200000|  0%| F|  |TAMS 0x00000000d0100000, 0x00000000d0100000| Untracked 
| 258|0x00000000d0200000, 0x00000000d0200000, 0x00000000d0300000|  0%| F|  |TAMS 0x00000000d0200000, 0x00000000d0200000| Untracked 
| 259|0x00000000d0300000, 0x00000000d0300000, 0x00000000d0400000|  0%| F|  |TAMS 0x00000000d0300000, 0x00000000d0300000| Untracked 
| 260|0x00000000d0400000, 0x00000000d0400000, 0x00000000d0500000|  0%| F|  |TAMS 0x00000000d0400000, 0x00000000d0400000| Untracked 
| 261|0x00000000d0500000, 0x00000000d0500000, 0x00000000d0600000|  0%| F|  |TAMS 0x00000000d0500000, 0x00000000d0500000| Untracked 
| 262|0x00000000d0600000, 0x00000000d0600000, 0x00000000d0700000|  0%| F|  |TAMS 0x00000000d0600000, 0x00000000d0600000| Untracked 
| 263|0x00000000d0700000, 0x00000000d0700000, 0x00000000d0800000|  0%| F|  |TAMS 0x00000000d0700000, 0x00000000d0700000| Untracked 
| 264|0x00000000d0800000, 0x00000000d0800000, 0x00000000d0900000|  0%| F|  |TAMS 0x00000000d0800000, 0x00000000d0800000| Untracked 
| 265|0x00000000d0900000, 0x00000000d0900000, 0x00000000d0a00000|  0%| F|  |TAMS 0x00000000d0900000, 0x00000000d0900000| Untracked 
| 266|0x00000000d0a00000, 0x00000000d0a00000, 0x00000000d0b00000|  0%| F|  |TAMS 0x00000000d0a00000, 0x00000000d0a00000| Untracked 
| 267|0x00000000d0b00000, 0x00000000d0b00000, 0x00000000d0c00000|  0%| F|  |TAMS 0x00000000d0b00000, 0x00000000d0b00000| Untracked 
| 268|0x00000000d0c00000, 0x00000000d0c00000, 0x00000000d0d00000|  0%| F|  |TAMS 0x00000000d0c00000, 0x00000000d0c00000| Untracked 
| 269|0x00000000d0d00000, 0x00000000d0d00000, 0x00000000d0e00000|  0%| F|  |TAMS 0x00000000d0d00000, 0x00000000d0d00000| Untracked 
| 270|0x00000000d0e00000, 0x00000000d0e00000, 0x00000000d0f00000|  0%| F|  |TAMS 0x00000000d0e00000, 0x00000000d0e00000| Untracked 
| 271|0x00000000d0f00000, 0x00000000d0f00000, 0x00000000d1000000|  0%| F|  |TAMS 0x00000000d0f00000, 0x00000000d0f00000| Untracked 
| 272|0x00000000d1000000, 0x00000000d1000000, 0x00000000d1100000|  0%| F|  |TAMS 0x00000000d1000000, 0x00000000d1000000| Untracked 
| 273|0x00000000d1100000, 0x00000000d1100000, 0x00000000d1200000|  0%| F|  |TAMS 0x00000000d1100000, 0x00000000d1100000| Untracked 
| 274|0x00000000d1200000, 0x00000000d1200000, 0x00000000d1300000|  0%| F|  |TAMS 0x00000000d1200000, 0x00000000d1200000| Untracked 
| 275|0x00000000d1300000, 0x00000000d1300000, 0x00000000d1400000|  0%| F|  |TAMS 0x00000000d1300000, 0x00000000d1300000| Untracked 
| 276|0x00000000d1400000, 0x00000000d1400000, 0x00000000d1500000|  0%| F|  |TAMS 0x00000000d1400000, 0x00000000d1400000| Untracked 
| 277|0x00000000d1500000, 0x00000000d1500000, 0x00000000d1600000|  0%| F|  |TAMS 0x00000000d1500000, 0x00000000d1500000| Untracked 
| 278|0x00000000d1600000, 0x00000000d1600000, 0x00000000d1700000|  0%| F|  |TAMS 0x00000000d1600000, 0x00000000d1600000| Untracked 
| 279|0x00000000d1700000, 0x00000000d1700000, 0x00000000d1800000|  0%| F|  |TAMS 0x00000000d1700000, 0x00000000d1700000| Untracked 
| 280|0x00000000d1800000, 0x00000000d1800000, 0x00000000d1900000|  0%| F|  |TAMS 0x00000000d1800000, 0x00000000d1800000| Untracked 
| 281|0x00000000d1900000, 0x00000000d1900000, 0x00000000d1a00000|  0%| F|  |TAMS 0x00000000d1900000, 0x00000000d1900000| Untracked 
| 282|0x00000000d1a00000, 0x00000000d1a00000, 0x00000000d1b00000|  0%| F|  |TAMS 0x00000000d1a00000, 0x00000000d1a00000| Untracked 
| 283|0x00000000d1b00000, 0x00000000d1b00000, 0x00000000d1c00000|  0%| F|  |TAMS 0x00000000d1b00000, 0x00000000d1b00000| Untracked 
| 284|0x00000000d1c00000, 0x00000000d1c00000, 0x00000000d1d00000|  0%| F|  |TAMS 0x00000000d1c00000, 0x00000000d1c00000| Untracked 
| 285|0x00000000d1d00000, 0x00000000d1d00000, 0x00000000d1e00000|  0%| F|  |TAMS 0x00000000d1d00000, 0x00000000d1d00000| Untracked 
| 286|0x00000000d1e00000, 0x00000000d1e00000, 0x00000000d1f00000|  0%| F|  |TAMS 0x00000000d1e00000, 0x00000000d1e00000| Untracked 
| 287|0x00000000d1f00000, 0x00000000d1f00000, 0x00000000d2000000|  0%| F|  |TAMS 0x00000000d1f00000, 0x00000000d1f00000| Untracked 
| 288|0x00000000d2000000, 0x00000000d2000000, 0x00000000d2100000|  0%| F|  |TAMS 0x00000000d2000000, 0x00000000d2000000| Untracked 
| 289|0x00000000d2100000, 0x00000000d2100000, 0x00000000d2200000|  0%| F|  |TAMS 0x00000000d2100000, 0x00000000d2100000| Untracked 
| 290|0x00000000d2200000, 0x00000000d2200000, 0x00000000d2300000|  0%| F|  |TAMS 0x00000000d2200000, 0x00000000d2200000| Untracked 
| 291|0x00000000d2300000, 0x00000000d2300000, 0x00000000d2400000|  0%| F|  |TAMS 0x00000000d2300000, 0x00000000d2300000| Untracked 
| 292|0x00000000d2400000, 0x00000000d2400000, 0x00000000d2500000|  0%| F|  |TAMS 0x00000000d2400000, 0x00000000d2400000| Untracked 
| 293|0x00000000d2500000, 0x00000000d2500000, 0x00000000d2600000|  0%| F|  |TAMS 0x00000000d2500000, 0x00000000d2500000| Untracked 
| 294|0x00000000d2600000, 0x00000000d2600000, 0x00000000d2700000|  0%| F|  |TAMS 0x00000000d2600000, 0x00000000d2600000| Untracked 
| 295|0x00000000d2700000, 0x00000000d2700000, 0x00000000d2800000|  0%| F|  |TAMS 0x00000000d2700000, 0x00000000d2700000| Untracked 
| 296|0x00000000d2800000, 0x00000000d2800000, 0x00000000d2900000|  0%| F|  |TAMS 0x00000000d2800000, 0x00000000d2800000| Untracked 
| 297|0x00000000d2900000, 0x00000000d2900000, 0x00000000d2a00000|  0%| F|  |TAMS 0x00000000d2900000, 0x00000000d2900000| Untracked 
| 298|0x00000000d2a00000, 0x00000000d2a00000, 0x00000000d2b00000|  0%| F|  |TAMS 0x00000000d2a00000, 0x00000000d2a00000| Untracked 
| 299|0x00000000d2b00000, 0x00000000d2b00000, 0x00000000d2c00000|  0%| F|  |TAMS 0x00000000d2b00000, 0x00000000d2b00000| Untracked 
| 300|0x00000000d2c00000, 0x00000000d2c00000, 0x00000000d2d00000|  0%| F|  |TAMS 0x00000000d2c00000, 0x00000000d2c00000| Untracked 
| 301|0x00000000d2d00000, 0x00000000d2d00000, 0x00000000d2e00000|  0%| F|  |TAMS 0x00000000d2d00000, 0x00000000d2d00000| Untracked 
| 302|0x00000000d2e00000, 0x00000000d2e00000, 0x00000000d2f00000|  0%| F|  |TAMS 0x00000000d2e00000, 0x00000000d2e00000| Untracked 
| 303|0x00000000d2f00000, 0x00000000d2f00000, 0x00000000d3000000|  0%| F|  |TAMS 0x00000000d2f00000, 0x00000000d2f00000| Untracked 
| 304|0x00000000d3000000, 0x00000000d3000000, 0x00000000d3100000|  0%| F|  |TAMS 0x00000000d3000000, 0x00000000d3000000| Untracked 
| 305|0x00000000d3100000, 0x00000000d3100000, 0x00000000d3200000|  0%| F|  |TAMS 0x00000000d3100000, 0x00000000d3100000| Untracked 
| 306|0x00000000d3200000, 0x00000000d3200000, 0x00000000d3300000|  0%| F|  |TAMS 0x00000000d3200000, 0x00000000d3200000| Untracked 
| 307|0x00000000d3300000, 0x00000000d3300000, 0x00000000d3400000|  0%| F|  |TAMS 0x00000000d3300000, 0x00000000d3300000| Untracked 
| 308|0x00000000d3400000, 0x00000000d3400000, 0x00000000d3500000|  0%| F|  |TAMS 0x00000000d3400000, 0x00000000d3400000| Untracked 
| 309|0x00000000d3500000, 0x00000000d3500000, 0x00000000d3600000|  0%| F|  |TAMS 0x00000000d3500000, 0x00000000d3500000| Untracked 
| 310|0x00000000d3600000, 0x00000000d3600000, 0x00000000d3700000|  0%| F|  |TAMS 0x00000000d3600000, 0x00000000d3600000| Untracked 
| 311|0x00000000d3700000, 0x00000000d3700000, 0x00000000d3800000|  0%| F|  |TAMS 0x00000000d3700000, 0x00000000d3700000| Untracked 
| 312|0x00000000d3800000, 0x00000000d3800000, 0x00000000d3900000|  0%| F|  |TAMS 0x00000000d3800000, 0x00000000d3800000| Untracked 
| 313|0x00000000d3900000, 0x00000000d3900000, 0x00000000d3a00000|  0%| F|  |TAMS 0x00000000d3900000, 0x00000000d3900000| Untracked 
| 314|0x00000000d3a00000, 0x00000000d3a00000, 0x00000000d3b00000|  0%| F|  |TAMS 0x00000000d3a00000, 0x00000000d3a00000| Untracked 
| 315|0x00000000d3b00000, 0x00000000d3b00000, 0x00000000d3c00000|  0%| F|  |TAMS 0x00000000d3b00000, 0x00000000d3b00000| Untracked 
| 316|0x00000000d3c00000, 0x00000000d3c00000, 0x00000000d3d00000|  0%| F|  |TAMS 0x00000000d3c00000, 0x00000000d3c00000| Untracked 
| 317|0x00000000d3d00000, 0x00000000d3d00000, 0x00000000d3e00000|  0%| F|  |TAMS 0x00000000d3d00000, 0x00000000d3d00000| Untracked 
| 318|0x00000000d3e00000, 0x00000000d3e00000, 0x00000000d3f00000|  0%| F|  |TAMS 0x00000000d3e00000, 0x00000000d3e00000| Untracked 
| 319|0x00000000d3f00000, 0x00000000d3f00000, 0x00000000d4000000|  0%| F|  |TAMS 0x00000000d3f00000, 0x00000000d3f00000| Untracked 
| 320|0x00000000d4000000, 0x00000000d4000000, 0x00000000d4100000|  0%| F|  |TAMS 0x00000000d4000000, 0x00000000d4000000| Untracked 
| 321|0x00000000d4100000, 0x00000000d4100000, 0x00000000d4200000|  0%| F|  |TAMS 0x00000000d4100000, 0x00000000d4100000| Untracked 
| 322|0x00000000d4200000, 0x00000000d4200000, 0x00000000d4300000|  0%| F|  |TAMS 0x00000000d4200000, 0x00000000d4200000| Untracked 
| 323|0x00000000d4300000, 0x00000000d4300000, 0x00000000d4400000|  0%| F|  |TAMS 0x00000000d4300000, 0x00000000d4300000| Untracked 
| 324|0x00000000d4400000, 0x00000000d4400000, 0x00000000d4500000|  0%| F|  |TAMS 0x00000000d4400000, 0x00000000d4400000| Untracked 
| 325|0x00000000d4500000, 0x00000000d4500000, 0x00000000d4600000|  0%| F|  |TAMS 0x00000000d4500000, 0x00000000d4500000| Untracked 
| 326|0x00000000d4600000, 0x00000000d4600000, 0x00000000d4700000|  0%| F|  |TAMS 0x00000000d4600000, 0x00000000d4600000| Untracked 
| 327|0x00000000d4700000, 0x00000000d4700000, 0x00000000d4800000|  0%| F|  |TAMS 0x00000000d4700000, 0x00000000d4700000| Untracked 
| 328|0x00000000d4800000, 0x00000000d4800000, 0x00000000d4900000|  0%| F|  |TAMS 0x00000000d4800000, 0x00000000d4800000| Untracked 
| 329|0x00000000d4900000, 0x00000000d4900000, 0x00000000d4a00000|  0%| F|  |TAMS 0x00000000d4900000, 0x00000000d4900000| Untracked 
| 330|0x00000000d4a00000, 0x00000000d4a00000, 0x00000000d4b00000|  0%| F|  |TAMS 0x00000000d4a00000, 0x00000000d4a00000| Untracked 

Card table byte_map: [0x000001dfff2a0000,0x000001dfff4a0000] _byte_map_base: 0x000001dffeca0000

Marking Bits (Prev, Next): (CMBitMap*) 0x000001dffa384c50, (CMBitMap*) 0x000001dffa384c10
 Prev Bits: [0x000001df84000000, 0x000001df85000000)
 Next Bits: [0x000001df83000000, 0x000001df84000000)

Polling page: 0x000001dffa400000

Metaspace:

Usage:
  Non-class:     33.42 MB used.
      Class:      4.93 MB used.
       Both:     38.35 MB used.

Virtual space:
  Non-class space:       64.00 MB reserved,      33.62 MB ( 53%) committed,  1 nodes.
      Class space:        1.00 GB reserved,       5.12 MB ( <1%) committed,  1 nodes.
             Both:        1.06 GB reserved,      38.75 MB (  4%) committed. 

Chunk freelists:
   Non-Class:  14.08 MB
       Class:  10.80 MB
        Both:  24.88 MB

MaxMetaspaceSize: unlimited
CompressedClassSpaceSize: 1.00 GB
Initial GC threshold: 21.00 MB
Current GC threshold: 64.50 MB
CDS: off
MetaspaceReclaimPolicy: balanced
 - commit_granule_bytes: 65536.
 - commit_granule_words: 8192.
 - virtual_space_node_default_size: 8388608.
 - enlarge_chunks_in_place: 1.
 - new_chunks_are_fully_committed: 0.
 - uncommit_free_chunks: 1.
 - use_allocation_guard: 0.
 - handle_deallocations: 1.


Internal statistics:

num_allocs_failed_limit: 8.
num_arena_births: 494.
num_arena_deaths: 0.
num_vsnodes_births: 2.
num_vsnodes_deaths: 0.
num_space_committed: 620.
num_space_uncommitted: 0.
num_chunks_returned_to_freelist: 8.
num_chunks_taken_from_freelist: 1693.
num_chunk_merges: 8.
num_chunk_splits: 1156.
num_chunks_enlarged: 848.
num_inconsistent_stats: 0.

CodeCache: size=49152Kb used=9602Kb max_used=9602Kb free=39549Kb
 bounds [0x000001df80000000, 0x000001df80970000, 0x000001df83000000]
 total_blobs=4633 nmethods=4074 adapters=483
 compilation: enabled
              stopped_count=0, restarted_count=0
 full_count=0

Compilation events (20 events):
Event: 6.377 Thread 0x000001df879d0160 4065       1       java.util.regex.Pattern::qtype (39 bytes)
Event: 6.378 Thread 0x000001df879d0160 nmethod 4065 0x000001df8095dd90 code [0x000001df8095df60, 0x000001df8095e228]
Event: 6.435 Thread 0x000001df879d0160 4066       1       java.util.concurrent.ConcurrentHashMap::resizeStamp (9 bytes)
Event: 6.435 Thread 0x000001df879d0160 nmethod 4066 0x000001df8095e410 code [0x000001df8095e5a0, 0x000001df8095e668]
Event: 6.478 Thread 0x000001df8728b750 4067       1       java.util.concurrent.locks.ReentrantLock$NonfairSync::tryAcquire (27 bytes)
Event: 6.478 Thread 0x000001df8728b750 nmethod 4067 0x000001df8095e710 code [0x000001df8095e8a0, 0x000001df8095ea18]
Event: 6.542 Thread 0x000001df879d0160 4068       1       io.github.classgraph.ModuleRef::getReference (5 bytes)
Event: 6.542 Thread 0x000001df879d0160 nmethod 4068 0x000001df8095ea90 code [0x000001df8095ec20, 0x000001df8095ecf8]
Event: 6.559 Thread 0x000001df874be7e0 4069       1       java.util.concurrent.ConcurrentHashMap::helpTransfer (123 bytes)
Event: 6.559 Thread 0x000001df879d0160 4070   !   1       jdk.internal.module.SystemModuleFinders$SystemModuleReader::checkPermissionToConnect (38 bytes)
Event: 6.559 Thread 0x000001df879d1090 4071   !   1       jdk.internal.module.ModuleReferenceImpl::open (19 bytes)
Event: 6.559 Thread 0x000001df8728b750 4072       1       jdk.internal.module.SystemModuleFinders$SystemModuleReader::<init> (14 bytes)
Event: 6.559 Thread 0x000001df879d1090 nmethod 4071 0x000001df8095ed90 code [0x000001df8095ef40, 0x000001df8095f0d8]
Event: 6.559 Thread 0x000001df874be7e0 nmethod 4069 0x000001df8095f210 code [0x000001df8095f3c0, 0x000001df8095f638]
Event: 6.559 Thread 0x000001df8728b750 nmethod 4072 0x000001df8095f790 code [0x000001df8095f920, 0x000001df8095fa68]
Event: 6.559 Thread 0x000001df879d0160 nmethod 4070 0x000001df8095fb10 code [0x000001df8095fce0, 0x000001df8095fee8]
Event: 6.561 Thread 0x000001df879d1090 4073       1       jdk.internal.module.SystemModuleFinders$2::get (5 bytes)
Event: 6.561 Thread 0x000001df874be7e0 4074       1       jdk.internal.module.SystemModuleFinders$2::get (16 bytes)
Event: 6.561 Thread 0x000001df874be7e0 nmethod 4074 0x000001df80960110 code [0x000001df809602a0, 0x000001df80960428]
Event: 6.561 Thread 0x000001df879d1090 nmethod 4073 0x000001df80960510 code [0x000001df809606a0, 0x000001df80960828]

GC Heap History (20 events):
Event: 4.977 GC heap after
{Heap after GC invocations=13 (full 0):
 garbage-first heap   total 154624K, used 22644K [0x00000000c0000000, 0x0000000100000000)
  region size 1024K, 1 young (1024K), 1 survivors (1024K)
 Metaspace       used 36260K, committed 36736K, reserved 1114112K
  class space    used 4772K, committed 4992K, reserved 1048576K
}
Event: 5.352 GC heap before
{Heap before GC invocations=13 (full 0):
 garbage-first heap   total 154624K, used 110708K [0x00000000c0000000, 0x0000000100000000)
  region size 1024K, 88 young (90112K), 1 survivors (1024K)
 Metaspace       used 38557K, committed 38912K, reserved 1114112K
  class space    used 4938K, committed 5120K, reserved 1048576K
}
Event: 5.364 GC heap after
{Heap after GC invocations=14 (full 0):
 garbage-first heap   total 154624K, used 38870K [0x00000000c0000000, 0x0000000100000000)
  region size 1024K, 11 young (11264K), 11 survivors (11264K)
 Metaspace       used 38557K, committed 38912K, reserved 1114112K
  class space    used 4938K, committed 5120K, reserved 1048576K
}
Event: 6.174 GC heap before
{Heap before GC invocations=14 (full 0):
 garbage-first heap   total 154624K, used 103382K [0x00000000c0000000, 0x0000000100000000)
  region size 1024K, 71 young (72704K), 11 survivors (11264K)
 Metaspace       used 39024K, committed 39424K, reserved 1114112K
  class space    used 5012K, committed 5184K, reserved 1048576K
}
Event: 6.187 GC heap after
{Heap after GC invocations=15 (full 0):
 garbage-first heap   total 154624K, used 62934K [0x00000000c0000000, 0x0000000100000000)
  region size 1024K, 9 young (9216K), 9 survivors (9216K)
 Metaspace       used 39024K, committed 39424K, reserved 1114112K
  class space    used 5012K, committed 5184K, reserved 1048576K
}
Event: 6.245 GC heap before
{Heap before GC invocations=15 (full 0):
 garbage-first heap   total 154624K, used 105942K [0x00000000c0000000, 0x0000000100000000)
  region size 1024K, 51 young (52224K), 9 survivors (9216K)
 Metaspace       used 39120K, committed 39488K, reserved 1114112K
  class space    used 5022K, committed 5184K, reserved 1048576K
}
Event: 6.262 GC heap after
{Heap after GC invocations=16 (full 0):
 garbage-first heap   total 154624K, used 73728K [0x00000000c0000000, 0x0000000100000000)
  region size 1024K, 7 young (7168K), 7 survivors (7168K)
 Metaspace       used 39120K, committed 39488K, reserved 1114112K
  class space    used 5022K, committed 5184K, reserved 1048576K
}
Event: 6.274 GC heap before
{Heap before GC invocations=16 (full 0):
 garbage-first heap   total 154624K, used 110592K [0x00000000c0000000, 0x0000000100000000)
  region size 1024K, 44 young (45056K), 7 survivors (7168K)
 Metaspace       used 39139K, committed 39552K, reserved 1114112K
  class space    used 5024K, committed 5184K, reserved 1048576K
}
Event: 6.278 GC heap after
{Heap after GC invocations=17 (full 0):
 garbage-first heap   total 154624K, used 77046K [0x00000000c0000000, 0x0000000100000000)
  region size 1024K, 2 young (2048K), 2 survivors (2048K)
 Metaspace       used 39139K, committed 39552K, reserved 1114112K
  class space    used 5024K, committed 5184K, reserved 1048576K
}
Event: 6.289 GC heap before
{Heap before GC invocations=17 (full 0):
 garbage-first heap   total 154624K, used 114934K [0x00000000c0000000, 0x0000000100000000)
  region size 1024K, 40 young (40960K), 2 survivors (2048K)
 Metaspace       used 39212K, committed 39616K, reserved 1114112K
  class space    used 5033K, committed 5184K, reserved 1048576K
}
Event: 6.293 GC heap after
{Heap after GC invocations=18 (full 0):
 garbage-first heap   total 338944K, used 78530K [0x00000000c0000000, 0x0000000100000000)
  region size 1024K, 4 young (4096K), 4 survivors (4096K)
 Metaspace       used 39212K, committed 39616K, reserved 1114112K
  class space    used 5033K, committed 5184K, reserved 1048576K
}
Event: 6.398 GC heap before
{Heap before GC invocations=19 (full 0):
 garbage-first heap   total 338944K, used 216770K [0x00000000c0000000, 0x0000000100000000)
  region size 1024K, 141 young (144384K), 4 survivors (4096K)
 Metaspace       used 39246K, committed 39616K, reserved 1114112K
  class space    used 5040K, committed 5184K, reserved 1048576K
}
Event: 6.404 GC heap after
{Heap after GC invocations=20 (full 0):
 garbage-first heap   total 338944K, used 83518K [0x00000000c0000000, 0x0000000100000000)
  region size 1024K, 10 young (10240K), 10 survivors (10240K)
 Metaspace       used 39246K, committed 39616K, reserved 1114112K
  class space    used 5040K, committed 5184K, reserved 1048576K
}
Event: 6.408 GC heap before
{Heap before GC invocations=20 (full 0):
 garbage-first heap   total 338944K, used 88638K [0x00000000c0000000, 0x0000000100000000)
  region size 1024K, 16 young (16384K), 10 survivors (10240K)
 Metaspace       used 39246K, committed 39616K, reserved 1114112K
  class space    used 5040K, committed 5184K, reserved 1048576K
}
Event: 6.412 GC heap after
{Heap after GC invocations=21 (full 0):
 garbage-first heap   total 338944K, used 83310K [0x00000000c0000000, 0x0000000100000000)
  region size 1024K, 2 young (2048K), 2 survivors (2048K)
 Metaspace       used 39246K, committed 39616K, reserved 1114112K
  class space    used 5040K, committed 5184K, reserved 1048576K
}
Event: 6.463 GC heap before
{Heap before GC invocations=21 (full 0):
 garbage-first heap   total 338944K, used 247150K [0x00000000c0000000, 0x0000000100000000)
  region size 1024K, 163 young (166912K), 2 survivors (2048K)
 Metaspace       used 39246K, committed 39616K, reserved 1114112K
  class space    used 5040K, committed 5184K, reserved 1048576K
}
Event: 6.468 GC heap after
{Heap after GC invocations=22 (full 0):
 garbage-first heap   total 338944K, used 90450K [0x00000000c0000000, 0x0000000100000000)
  region size 1024K, 9 young (9216K), 9 survivors (9216K)
 Metaspace       used 39246K, committed 39616K, reserved 1114112K
  class space    used 5040K, committed 5184K, reserved 1048576K
}
Event: 6.512 GC heap before
{Heap before GC invocations=22 (full 0):
 garbage-first heap   total 338944K, used 253266K [0x00000000c0000000, 0x0000000100000000)
  region size 1024K, 169 young (173056K), 9 survivors (9216K)
 Metaspace       used 39272K, committed 39680K, reserved 1114112K
  class space    used 5048K, committed 5248K, reserved 1048576K
}
Event: 6.520 GC heap after
{Heap after GC invocations=23 (full 0):
 garbage-first heap   total 338944K, used 96642K [0x00000000c0000000, 0x0000000100000000)
  region size 1024K, 15 young (15360K), 15 survivors (15360K)
 Metaspace       used 39272K, committed 39680K, reserved 1114112K
  class space    used 5048K, committed 5248K, reserved 1048576K
}
Event: 6.561 GC heap before
{Heap before GC invocations=23 (full 0):
 garbage-first heap   total 338944K, used 261506K [0x00000000c0000000, 0x0000000100000000)
  region size 1024K, 177 young (181248K), 15 survivors (15360K)
 Metaspace       used 39272K, committed 39680K, reserved 1114112K
  class space    used 5048K, committed 5248K, reserved 1048576K
}

Dll operation events (7 events):
Event: 0.031 Loaded shared library c:\Users\joonv\.vscode\extensions\redhat.java-1.18.0-win32-x64\jre\17.0.7-win32-x86_64\bin\java.dll
Event: 0.616 Loaded shared library C:\Users\joonv\.vscode\extensions\redhat.java-1.18.0-win32-x64\jre\17.0.7-win32-x86_64\bin\net.dll
Event: 0.629 Loaded shared library C:\Users\joonv\.vscode\extensions\redhat.java-1.18.0-win32-x64\jre\17.0.7-win32-x86_64\bin\nio.dll
Event: 0.647 Loaded shared library C:\Users\joonv\.vscode\extensions\redhat.java-1.18.0-win32-x64\jre\17.0.7-win32-x86_64\bin\zip.dll
Event: 1.034 Loaded shared library C:\Users\joonv\.vscode\extensions\redhat.java-1.18.0-win32-x64\jre\17.0.7-win32-x86_64\bin\jimage.dll
Event: 4.365 Loaded shared library C:\Users\joonv\.vscode\extensions\redhat.java-1.18.0-win32-x64\jre\17.0.7-win32-x86_64\bin\management.dll
Event: 4.372 Loaded shared library C:\Users\joonv\.vscode\extensions\redhat.java-1.18.0-win32-x64\jre\17.0.7-win32-x86_64\bin\management_ext.dll

Deoptimization events (12 events):
Event: 2.367 Thread 0x000001dffa346490 DEOPT PACKING pc=0x000001df8058ea99 sp=0x00000008d9cfd770
Event: 2.367 Thread 0x000001dffa346490 DEOPT UNPACKING pc=0x000001df8005ace3 sp=0x00000008d9cfcc50 mode 3
Event: 3.314 Thread 0x000001dffa346490 DEOPT PACKING pc=0x000001df806ae29d sp=0x00000008d9cfaa20
Event: 3.314 Thread 0x000001dffa346490 DEOPT UNPACKING pc=0x000001df8005ace3 sp=0x00000008d9cf9f38 mode 3
Event: 4.702 Thread 0x000001df8ca72460 DEOPT PACKING pc=0x000001df807b1135 sp=0x00000008dbefd690
Event: 4.702 Thread 0x000001df8ca72460 DEOPT UNPACKING pc=0x000001df8005ace3 sp=0x00000008dbefcba8 mode 3
Event: 4.795 Thread 0x000001df8ca870a0 DEOPT PACKING pc=0x000001df807cf82b sp=0x00000008dc2fe5f0
Event: 4.795 Thread 0x000001df8ca870a0 DEOPT UNPACKING pc=0x000001df8005ace3 sp=0x00000008dc2fdb38 mode 3
Event: 4.877 Thread 0x000001df8c5e9a10 DEOPT PACKING pc=0x000001df8058dc01 sp=0x00000008dbdfda10
Event: 4.877 Thread 0x000001df8c5e9a10 DEOPT UNPACKING pc=0x000001df8005ace3 sp=0x00000008dbdfcea0 mode 3
Event: 5.144 Thread 0x000001df8cbbf040 DEOPT PACKING pc=0x000001df8058a517 sp=0x00000008dccfedb0
Event: 5.144 Thread 0x000001df8cbbf040 DEOPT UNPACKING pc=0x000001df8005ace3 sp=0x00000008dccfe208 mode 3

Classes unloaded (0 events):
No events

Classes redefined (0 events):
No events

Internal exceptions (20 events):
Event: 4.865 Thread 0x000001df8ca87570 Exception <a 'sun/nio/fs/WindowsException'{0x00000000ceae6c10}> (0x00000000ceae6c10) 
thrown [s\src\hotspot\share\prims\jni.cpp, line 516]
Event: 4.865 Thread 0x000001df8ca87570 Exception <a 'sun/nio/fs/WindowsException'{0x00000000ceae6ff8}> (0x00000000ceae6ff8) 
thrown [s\src\hotspot\share\prims\jni.cpp, line 516]
Event: 5.144 Thread 0x000001df8cbbf040 Exception <a 'sun/nio/fs/WindowsException'{0x00000000c7c2b3a8}> (0x00000000c7c2b3a8) 
thrown [s\src\hotspot\share\prims\jni.cpp, line 516]
Event: 5.145 Thread 0x000001df8cbb8660 Exception <a 'sun/nio/fs/WindowsException'{0x00000000c7cc4aa8}> (0x00000000c7cc4aa8) 
thrown [s\src\hotspot\share\prims\jni.cpp, line 516]
Event: 5.145 Thread 0x000001df8ca86bd0 Exception <a 'sun/nio/fs/WindowsException'{0x00000000c7ca3f78}> (0x00000000c7ca3f78) 
thrown [s\src\hotspot\share\prims\jni.cpp, line 516]
Event: 5.146 Thread 0x000001df8ca87570 Exception <a 'sun/nio/fs/WindowsException'{0x00000000c7b7ab00}> (0x00000000c7b7ab00) 
thrown [s\src\hotspot\share\prims\jni.cpp, line 516]
Event: 5.149 Thread 0x000001df8ca86230 Exception <a 'sun/nio/fs/WindowsException'{0x00000000c7ceea38}> (0x00000000c7ceea38) 
thrown [s\src\hotspot\share\prims\jni.cpp, line 516]
Event: 5.149 Thread 0x000001df8cbbbb50 Exception <a 'sun/nio/fs/WindowsException'{0x00000000c7ba82e8}> (0x00000000c7ba82e8) 
thrown [s\src\hotspot\share\prims\jni.cpp, line 516]
Event: 5.454 Thread 0x000001df8ca72460 Exception <a 'java/lang/NoSuchMethodError'{0x00000000c79db8b8}: 'java.lang.Object java.lang.invoke.DirectMethodHandle$Holder.newInvokeSpecial(java.lang.Object, java.lang.Object, int)'> (0x00000000c79db8b8) 
thrown [s\src\hotspot\share\interpreter\linkResolver.cpp, line 759]
Event: 5.488 Thread 0x000001df8cbbd830 Exception <a 'sun/nio/fs/WindowsException'{0x00000000c76b0260}> (0x00000000c76b0260) 
thrown [s\src\hotspot\share\prims\jni.cpp, line 516]
Event: 5.818 Thread 0x000001df8cbbd830 Exception <a 'sun/nio/fs/WindowsException'{0x00000000c6d8cb48}> (0x00000000c6d8cb48) 
thrown [s\src\hotspot\share\prims\jni.cpp, line 516]
Event: 5.818 Thread 0x000001df8cbbd830 Exception <a 'sun/nio/fs/WindowsException'{0x00000000c6d8d570}> (0x00000000c6d8d570) 
thrown [s\src\hotspot\share\prims\jni.cpp, line 516]
Event: 5.818 Thread 0x000001df8cbbd830 Exception <a 'sun/nio/fs/WindowsException'{0x00000000c6d8df48}> (0x00000000c6d8df48) 
thrown [s\src\hotspot\share\prims\jni.cpp, line 516]
Event: 5.818 Thread 0x000001df8cbbd830 Exception <a 'sun/nio/fs/WindowsException'{0x00000000c6d8ea08}> (0x00000000c6d8ea08) 
thrown [s\src\hotspot\share\prims\jni.cpp, line 516]
Event: 5.818 Thread 0x000001df8cbbd830 Exception <a 'sun/nio/fs/WindowsException'{0x00000000c6d8f508}> (0x00000000c6d8f508) 
thrown [s\src\hotspot\share\prims\jni.cpp, line 516]
Event: 5.819 Thread 0x000001df8cbbd830 Exception <a 'sun/nio/fs/WindowsException'{0x00000000c6d96748}> (0x00000000c6d96748) 
thrown [s\src\hotspot\share\prims\jni.cpp, line 516]
Event: 5.820 Thread 0x000001df8cbbd830 Exception <a 'sun/nio/fs/WindowsException'{0x00000000c6d97170}> (0x00000000c6d97170) 
thrown [s\src\hotspot\share\prims\jni.cpp, line 516]
Event: 5.820 Thread 0x000001df8cbbd830 Exception <a 'sun/nio/fs/WindowsException'{0x00000000c6d97b48}> (0x00000000c6d97b48) 
thrown [s\src\hotspot\share\prims\jni.cpp, line 516]
Event: 5.820 Thread 0x000001df8cbbd830 Exception <a 'sun/nio/fs/WindowsException'{0x00000000c6d98608}> (0x00000000c6d98608) 
thrown [s\src\hotspot\share\prims\jni.cpp, line 516]
Event: 5.820 Thread 0x000001df8cbbd830 Exception <a 'sun/nio/fs/WindowsException'{0x00000000c6d99108}> (0x00000000c6d99108) 
thrown [s\src\hotspot\share\prims\jni.cpp, line 516]

VM Operations (20 events):
Event: 6.396 Executing VM operation: G1Concurrent done
Event: 6.396 Executing VM operation: G1CollectForAllocation
Event: 6.397 Executing VM operation: G1CollectForAllocation done
Event: 6.398 Executing VM operation: G1CollectForAllocation
Event: 6.404 Executing VM operation: G1CollectForAllocation done
Event: 6.407 Executing VM operation: G1CollectForAllocation
Event: 6.408 Executing VM operation: G1CollectForAllocation done
Event: 6.408 Executing VM operation: G1CollectForAllocation
Event: 6.412 Executing VM operation: G1CollectForAllocation done
Event: 6.450 Executing VM operation: G1CollectForAllocation
Event: 6.463 Executing VM operation: G1CollectForAllocation done
Event: 6.463 Executing VM operation: G1CollectForAllocation
Event: 6.468 Executing VM operation: G1CollectForAllocation done
Event: 6.511 Executing VM operation: G1CollectForAllocation
Event: 6.512 Executing VM operation: G1CollectForAllocation done
Event: 6.512 Executing VM operation: G1CollectForAllocation
Event: 6.520 Executing VM operation: G1CollectForAllocation done
Event: 6.560 Executing VM operation: G1CollectForAllocation
Event: 6.561 Executing VM operation: G1CollectForAllocation done
Event: 6.561 Executing VM operation: G1CollectForAllocation

Events (20 events):
Event: 5.480 loading class sun/security/provider/ByteArrayAccess$LE done
Event: 5.713 loading class java/util/concurrent/CompletableFuture$BiRelay
Event: 5.713 loading class java/util/concurrent/CompletableFuture$BiCompletion
Event: 5.713 loading class java/util/concurrent/CompletableFuture$BiCompletion done
Event: 5.713 loading class java/util/concurrent/CompletableFuture$BiRelay done
Event: 5.713 loading class java/util/concurrent/CompletableFuture$CoCompletion
Event: 5.713 loading class java/util/concurrent/CompletableFuture$CoCompletion done
Event: 5.716 Thread 0x000001df8cbb99a0 Thread added: 0x000001df8cbb99a0
Event: 5.805 loading class jdk/internal/reflect/UnsafeQualifiedObjectFieldAccessorImpl
Event: 5.805 loading class jdk/internal/reflect/UnsafeQualifiedObjectFieldAccessorImpl done
Event: 5.805 loading class jdk/internal/reflect/UnsafeQualifiedLongFieldAccessorImpl
Event: 5.805 loading class jdk/internal/reflect/UnsafeQualifiedLongFieldAccessorImpl done
Event: 6.311 Thread 0x000001df8cbbe6a0 Thread added: 0x000001df8cbbe6a0
Event: 6.485 loading class java/util/concurrent/CompletionException
Event: 6.485 loading class java/util/concurrent/CompletionException done
Event: 6.488 loading class java/util/concurrent/CompletableFuture$AsyncSupply
Event: 6.488 loading class java/util/concurrent/CompletableFuture$AsyncSupply done
Event: 6.488 Thread 0x000001df8cbb9000 Thread added: 0x000001df8cbb9000
Event: 6.488 loading class java/util/concurrent/CompletableFuture$Signaller
Event: 6.488 loading class java/util/concurrent/CompletableFuture$Signaller done


Dynamic libraries:
0x00007ff6a76a0000 - 0x00007ff6a76ae000 	c:\Users\joonv\.vscode\extensions\redhat.java-1.18.0-win32-x64\jre\17.0.7-win32-x86_64\bin\java.exe
0x00007ffd21cd0000 - 0x00007ffd21ee4000 	C:\WINDOWS\SYSTEM32\ntdll.dll
0x00007ffd206f0000 - 0x00007ffd207b2000 	C:\WINDOWS\System32\KERNEL32.DLL
0x00007ffd1f0f0000 - 0x00007ffd1f493000 	C:\WINDOWS\System32\KERNELBASE.dll
0x00007ffd1f560000 - 0x00007ffd1f671000 	C:\WINDOWS\System32\ucrtbase.dll
0x00007ffccc9b0000 - 0x00007ffccc9c7000 	c:\Users\joonv\.vscode\extensions\redhat.java-1.18.0-win32-x64\jre\17.0.7-win32-x86_64\bin\jli.dll
0x00007ffcc8c20000 - 0x00007ffcc8c39000 	c:\Users\joonv\.vscode\extensions\redhat.java-1.18.0-win32-x64\jre\17.0.7-win32-x86_64\bin\VCRUNTIME140.dll
0x00007ffd20020000 - 0x00007ffd201cb000 	C:\WINDOWS\System32\USER32.dll
0x00007ffd1f810000 - 0x00007ffd1f836000 	C:\WINDOWS\System32\win32u.dll
0x00007ffd20b10000 - 0x00007ffd20b39000 	C:\WINDOWS\System32\GDI32.dll
0x00007ffd1f9b0000 - 0x00007ffd1fac8000 	C:\WINDOWS\System32\gdi32full.dll
0x00007ffd1f770000 - 0x00007ffd1f80a000 	C:\WINDOWS\System32\msvcp_win.dll
0x00007ffd03760000 - 0x00007ffd039ee000 	C:\WINDOWS\WinSxS\amd64_microsoft.windows.common-controls_6595b64144ccf1df_6.0.22621.1635_none_270f70857386168e\COMCTL32.dll
0x00007ffd20c40000 - 0x00007ffd20ce7000 	C:\WINDOWS\System32\msvcrt.dll
0x00007ffd20ad0000 - 0x00007ffd20b01000 	C:\WINDOWS\System32\IMM32.DLL
0x00007ffd07d80000 - 0x00007ffd07d8c000 	c:\Users\joonv\.vscode\extensions\redhat.java-1.18.0-win32-x64\jre\17.0.7-win32-x86_64\bin\vcruntime140_1.dll
0x00007ffcb7100000 - 0x00007ffcb7191000 	c:\Users\joonv\.vscode\extensions\redhat.java-1.18.0-win32-x64\jre\17.0.7-win32-x86_64\bin\msvcp140.dll
0x00007ffc82360000 - 0x00007ffc82fa8000 	c:\Users\joonv\.vscode\extensions\redhat.java-1.18.0-win32-x64\jre\17.0.7-win32-x86_64\bin\server\jvm.dll
0x00007ffd21080000 - 0x00007ffd2112e000 	C:\WINDOWS\System32\ADVAPI32.dll
0x00007ffd20f70000 - 0x00007ffd21014000 	C:\WINDOWS\System32\sechost.dll
0x00007ffd21140000 - 0x00007ffd21257000 	C:\WINDOWS\System32\RPCRT4.dll
0x00007ffd0d0e0000 - 0x00007ffd0d0e9000 	C:\WINDOWS\SYSTEM32\WSOCK32.dll
0x00007ffd180f0000 - 0x00007ffd18124000 	C:\WINDOWS\SYSTEM32\WINMM.dll
0x00007ffd20670000 - 0x00007ffd206e1000 	C:\WINDOWS\System32\WS2_32.dll
0x00007ffd17820000 - 0x00007ffd1782a000 	C:\WINDOWS\SYSTEM32\VERSION.dll
0x00007ffd1e230000 - 0x00007ffd1e248000 	C:\WINDOWS\SYSTEM32\kernel.appcore.dll
0x00007ffd059e0000 - 0x00007ffd059ea000 	c:\Users\joonv\.vscode\extensions\redhat.java-1.18.0-win32-x64\jre\17.0.7-win32-x86_64\bin\jimage.dll
0x00007ffd1cb40000 - 0x00007ffd1cd6e000 	C:\WINDOWS\SYSTEM32\DBGHELP.DLL
0x00007ffd202e0000 - 0x00007ffd20669000 	C:\WINDOWS\System32\combase.dll
0x00007ffd201d0000 - 0x00007ffd202a7000 	C:\WINDOWS\System32\OLEAUT32.dll
0x00007ffd15ad0000 - 0x00007ffd15b02000 	C:\WINDOWS\SYSTEM32\dbgcore.DLL
0x00007ffd1f680000 - 0x00007ffd1f6fb000 	C:\WINDOWS\System32\bcryptPrimitives.dll
0x00007ffcc8bf0000 - 0x00007ffcc8c15000 	c:\Users\joonv\.vscode\extensions\redhat.java-1.18.0-win32-x64\jre\17.0.7-win32-x86_64\bin\java.dll
0x00007ffcc6ec0000 - 0x00007ffcc6ed8000 	c:\Users\joonv\.vscode\extensions\redhat.java-1.18.0-win32-x64\jre\17.0.7-win32-x86_64\bin\zip.dll
0x00007ffd212f0000 - 0x00007ffd21aea000 	C:\WINDOWS\System32\SHELL32.dll
0x00007ffd1d0c0000 - 0x00007ffd1d98e000 	C:\WINDOWS\SYSTEM32\windows.storage.dll
0x00007ffd1cf80000 - 0x00007ffd1d0be000 	C:\WINDOWS\SYSTEM32\wintypes.dll
0x00007ffd20b40000 - 0x00007ffd20c31000 	C:\WINDOWS\System32\SHCORE.dll
0x00007ffd20980000 - 0x00007ffd209de000 	C:\WINDOWS\System32\shlwapi.dll
0x00007ffd1f020000 - 0x00007ffd1f041000 	C:\WINDOWS\SYSTEM32\profapi.dll
0x00007ffcc6ea0000 - 0x00007ffcc6eb9000 	C:\Users\joonv\.vscode\extensions\redhat.java-1.18.0-win32-x64\jre\17.0.7-win32-x86_64\bin\net.dll
0x00007ffd19920000 - 0x00007ffd19a57000 	C:\WINDOWS\SYSTEM32\WINHTTP.dll
0x00007ffd1e6a0000 - 0x00007ffd1e709000 	C:\WINDOWS\system32\mswsock.dll
0x00007ffcc6e80000 - 0x00007ffcc6e95000 	C:\Users\joonv\.vscode\extensions\redhat.java-1.18.0-win32-x64\jre\17.0.7-win32-x86_64\bin\nio.dll
0x00007ffd1e900000 - 0x00007ffd1e91b000 	C:\WINDOWS\SYSTEM32\CRYPTSP.dll
0x00007ffd1e1a0000 - 0x00007ffd1e1d5000 	C:\WINDOWS\system32\rsaenh.dll
0x00007ffd1e7a0000 - 0x00007ffd1e7c8000 	C:\WINDOWS\SYSTEM32\USERENV.dll
0x00007ffd1eb10000 - 0x00007ffd1eb38000 	C:\WINDOWS\SYSTEM32\bcrypt.dll
0x00007ffd1e920000 - 0x00007ffd1e92c000 	C:\WINDOWS\SYSTEM32\CRYPTBASE.dll
0x00007ffd1dca0000 - 0x00007ffd1dccd000 	C:\WINDOWS\SYSTEM32\IPHLPAPI.DLL
0x00007ffd20ac0000 - 0x00007ffd20ac9000 	C:\WINDOWS\System32\NSI.dll
0x00007ffd19630000 - 0x00007ffd19649000 	C:\WINDOWS\SYSTEM32\dhcpcsvc6.DLL
0x00007ffd19610000 - 0x00007ffd1962f000 	C:\WINDOWS\SYSTEM32\dhcpcsvc.DLL
0x00007ffd1dcd0000 - 0x00007ffd1ddc3000 	C:\WINDOWS\SYSTEM32\DNSAPI.dll
0x00007ffcf82e0000 - 0x00007ffcf82e9000 	C:\Users\joonv\.vscode\extensions\redhat.java-1.18.0-win32-x64\jre\17.0.7-win32-x86_64\bin\management.dll
0x00007ffcf8140000 - 0x00007ffcf814b000 	C:\Users\joonv\.vscode\extensions\redhat.java-1.18.0-win32-x64\jre\17.0.7-win32-x86_64\bin\management_ext.dll
0x00007ffd202d0000 - 0x00007ffd202d8000 	C:\WINDOWS\System32\PSAPI.DLL

dbghelp: loaded successfully - version: 4.0.5 - missing functions: none
symbol engine: initialized successfully - sym options: 0x614 - pdb path: .;c:\Users\joonv\.vscode\extensions\redhat.java-1.18.0-win32-x64\jre\17.0.7-win32-x86_64\bin;C:\WINDOWS\SYSTEM32;C:\WINDOWS\WinSxS\amd64_microsoft.windows.common-controls_6595b64144ccf1df_6.0.22621.1635_none_270f70857386168e;c:\Users\joonv\.vscode\extensions\redhat.java-1.18.0-win32-x64\jre\17.0.7-win32-x86_64\bin\server

VM Arguments:
jvm_args: -XX:+HeapDumpOnOutOfMemoryError -Xmx1024m -Dsts.lsp.client=vscode -Dsts.log.file=/dev/null -XX:TieredStopAtLevel=1 -Xlog:jni+resolve=off -Dspring.config.location=file:c:\Users\joonv\.vscode\extensions\vmware.vscode-spring-boot-1.46.0\language-server\BOOT-INF\classes\application.properties 
java_command: org.springframework.ide.vscode.boot.app.BootLanguageServerBootApp
java_class_path (initial): c:\Users\joonv\.vscode\extensions\vmware.vscode-spring-boot-1.46.0\language-server\BOOT-INF\classes;c:\Users\joonv\.vscode\extensions\vmware.vscode-spring-boot-1.46.0\language-server\BOOT-INF\lib\annotations-24.0.1.jar;c:\Users\joonv\.vscode\extensions\vmware.vscode-spring-boot-1.46.0\language-server\BOOT-INF\lib\antlr-runtime-3.5.3.jar;c:\Users\joonv\.vscode\extensions\vmware.vscode-spring-boot-1.46.0\language-server\BOOT-INF\lib\antlr4-4.11.1.jar;c:\Users\joonv\.vscode\extensions\vmware.vscode-spring-boot-1.46.0\language-server\BOOT-INF\lib\antlr4-runtime-4.11.1.jar;c:\Users\joonv\.vscode\extensions\vmware.vscode-spring-boot-1.46.0\language-server\BOOT-INF\lib\asm-9.5.jar;c:\Users\joonv\.vscode\extensions\vmware.vscode-spring-boot-1.46.0\language-server\BOOT-INF\lib\asm-analysis-9.5.jar;c:\Users\joonv\.vscode\extensions\vmware.vscode-spring-boot-1.46.0\language-server\BOOT-INF\lib\asm-tree-9.5.jar;c:\Users\joonv\.vscode\extensions\vmware.vscode-spring-boot-1.46.0\language-server\BOOT-INF\lib\asm-util-9.5.jar;c:\Users\joonv\.vscode\extensions\vmware.vscode-spring-boot-1.46.0\language-server\BOOT-INF\lib\caffeine-3.1.2.jar;c:\Users\joonv\.vscode\extensions\vmware.vscode-spring-boot-1.46.0\language-server\BOOT-INF\lib\checker-qual-3.12.0.jar;c:\Users\joonv\.vscode\extensions\vmware.vscode-spring-boot-1.46.0\language-server\BOOT-INF\lib\classgraph-4.8.149.jar;c:\Users\joonv\.vscode\extensions\vmware.vscode-spring-boot-1.46.0\language-server\BOOT-INF\lib\commons-codec-1.15.jar;c:\Users\joonv\.vscode\extensions\vmware.vscode-spring-boot-1.46.0\language-server\BOOT-INF\lib\commons-compress-1.23.0.jar;c:\Users\joonv\.vscode\extensions\vmware.vscode-spring-boot-1.46.0\language-server\BOOT-INF\lib\commons-io-2.4.jar;c:\Users\joonv\.vscode\extensions\vmware.vscode-spring-boot-1.46.0\language-server\BOOT-INF\lib\commons-java-1.46.0-SNAPSHOT.jar;c:\Users\joonv\.vscode\extensions\vmware.vscode-spring-boot-1.46.0\language-server\BOOT-INF\lib\commons-
Launcher Type: SUN_STANDARD

[Global flags]
     intx CICompilerCount                          = 4                                         {product} {ergonomic}
     uint ConcGCThreads                            = 2                                         {product} {ergonomic}
     uint G1ConcRefinementThreads                  = 8                                         {product} {ergonomic}
   size_t G1HeapRegionSize                         = 1048576                                   {product} {ergonomic}
    uintx GCDrainStackTargetSize                   = 64                                        {product} {ergonomic}
     bool HeapDumpOnOutOfMemoryError               = true                                   {manageable} {command line}
   size_t InitialHeapSize                          = 266338304                                 {product} {ergonomic}
   size_t MarkStackSize                            = 4194304                                   {product} {ergonomic}
   size_t MaxHeapSize                              = 1073741824                                {product} {command line}
   size_t MaxNewSize                               = 643825664                                 {product} {ergonomic}
   size_t MinHeapDeltaBytes                        = 1048576                                   {product} {ergonomic}
   size_t MinHeapSize                              = 8388608                                   {product} {ergonomic}
    uintx NonProfiledCodeHeapSize                  = 0                                      {pd product} {ergonomic}
     bool ProfileInterpreter                       = false                                  {pd product} {command line}
    uintx ProfiledCodeHeapSize                     = 0                                      {pd product} {ergonomic}
   size_t SoftMaxHeapSize                          = 1073741824                             {manageable} {ergonomic}
     intx TieredStopAtLevel                        = 1                                         {product} {command line}
     bool UseCompressedClassPointers               = true                           {product lp64_product} {ergonomic}
     bool UseCompressedOops                        = true                           {product lp64_product} {ergonomic}
     bool UseG1GC                                  = true                                      {product} {ergonomic}
     bool UseLargePagesIndividualAllocation        = false                                  {pd product} {ergonomic}

Logging:
Log output configuration:
 #0: stdout all=warning,jni+resolve=off uptime,level,tags
 #1: stderr all=off uptime,level,tags

Environment Variables:
JAVA_HOME=C:\ProgramFiles\Java\jdk-19
PATH=C:\Program Files (x86)\Common Files\Oracle\Java\javapath;C:\oraclexe\app\oracle\product\11.2.0\server\bin;C:\Program Files (x86)\VMware\VMware Player\bin\;C:\windows\system32;C:\windows;C:\windows\System32\Wbem;C:\windows\System32\WindowsPowerShell\v1.0\;C:\windows\System32\OpenSSH\;C:\Program Files (x86)\NVIDIA Corporation\PhysX\Common;C:\Program Files\NVIDIA Corporation\NVIDIA NvDLISR;C:\Program Files\Intel\WiFi\bin\;C:\Program Files\Common Files\Intel\WirelessCommon\;C:\WINDOWS\system32;C:\WINDOWS;C:\WINDOWS\System32\Wbem;C:\WINDOWS\System32\WindowsPowerShell\v1.0\;C:\WINDOWS\System32\OpenSSH\;C:\Program Files\Bandizip\;C:\Program Files\Java\jdk1.8.0_202\bin;C:\Program Files\Java\jre1.8.0_202;C:\Program Files\nodejs\;C:\Program Files\VisualSVN Server\bin;C:\Program Files\PowerShell\7\;C:\Program Files\PowerShell\7-preview\preview;C:\Program Files\Git\cmd;C:\Users\joonv\AppData\Local\Programs\Python\Python310\Scripts\;C:\Users\joonv\AppData\Local\Programs\Python\Python310\;C:\Users\joonv\AppData\Local\Microsoft\WindowsApps;C:\Users\joonv\AppData\Local\Programs\Microsoft VS Code\bin;C:\Program Files\JetBrains\IntelliJ IDEA 2022.1\bin;;C:\Users\joonv\AppData\Roaming\npm;C:\Program Files\JetBrains\IntelliJ IDEA Community Edition 2022.3.1\bin;;C:\ProgramFiles\Java\jdk-19\bin;c:\upload\lower;
USERNAME=joon
OS=Windows_NT
PROCESSOR_IDENTIFIER=Intel64 Family 6 Model 126 Stepping 5, GenuineIntel
TMP=C:\Users\joonv\AppData\Local\Temp
TEMP=C:\Users\joonv\AppData\Local\Temp



---------------  S Y S T E M  ---------------

OS:
 Windows 11 , 64 bit Build 22621 (10.0.22621.1635)
OS uptime: 5 days 3:44 hours
Hyper-V role detected

CPU: total 8 (initial active 8) (4 cores per cpu, 2 threads per core) family 6 model 126 stepping 5 microcode 0xa0, cx8, cmov, fxsr, ht, mmx, 3dnowpref, sse, sse2, sse3, ssse3, sse4.1, sse4.2, popcnt, lzcnt, tsc, tscinvbit, avx, avx2, aes, erms, clmul, bmi1, bmi2, adx, avx512f, avx512dq, avx512cd, avx512bw, avx512vl, sha, fma, vzeroupper, avx512_vpopcntdq, avx512_vpclmulqdq, avx512_vaes, avx512_vnni, clflush, clflushopt, avx512_vbmi2, avx512_vbmi, hv

Memory: 4k page, system-wide physical 16145M (4851M free)
TotalPageFile size 18060M (AvailPageFile size 60M)
current process WorkingSet (physical memory assigned to process): 455M, peak: 455M
current process commit charge ("private bytes"): 483M, peak: 761M

vm_info: OpenJDK 64-Bit Server VM (17.0.7+7) for windows-amd64 JRE (17.0.7+7), built on Apr 18 2023 22:10:42 by "temurin" with MS VC++ 16.7 (VS2019)

END.
